#-----------------------------------------------------------
# Vivado v2015.4 (64-bit)
# SW Build 1412921 on Wed Nov 18 09:44:32 MST 2015
# IP Build 1412160 on Tue Nov 17 13:47:24 MST 2015
# Start of session at: Thu Oct 25 22:03:44 2018
# Process ID: 11325
# Current directory: /home/carson/poly/cpe439/hdmi_in
# Command line: vivado
# Log file: /home/carson/poly/cpe439/hdmi_in/vivado.log
# Journal file: /home/carson/poly/cpe439/hdmi_in/vivado.jou
#-----------------------------------------------------------
start_gui
create_project project_1 . -part xc7z010clg400-1
INFO: [IP_Flow 19-234] Refreshing IP repositories
INFO: [IP_Flow 19-1704] No user IP repositories specified
INFO: [IP_Flow 19-2313] Loaded Vivado IP repository '/opt/Xilinx/Vivado/2015.4/data/ip'.
create_bd_design "design_1"
Wrote  : </home/carson/poly/cpe439/hdmi_in/project_1.srcs/sources_1/bd/design_1/design_1.bd> 
WARNING: [IP_Flow 19-3899] Cannot get the environment domain name variable for the component vendor name. Setting the vendor name to 'user.org'.
set_property  ip_repo_paths  /home/carson/poly/cpe439/bad_vivado [current_project]
update_ip_catalog
INFO: [IP_Flow 19-234] Refreshing IP repositories
WARNING: [IP_Flow 19-395] Problem reading Component: see 'xilinx:coreExtensions' near line 0 in /home/carson/poly/cpe439/bad_vivado/ip/hls_contrast_stretch_1_0/component.xml: Bad end of element
CRITICAL WARNING: [IP_Flow 19-1977] Unable to read IP file /home/carson/poly/cpe439/bad_vivado/ip/hls_contrast_stretch_1_0/component.xml. This IP will not be included in the IP Catalog.
WARNING: [IP_Flow 19-395] Problem reading Component: see 'xilinx:coreExtensions' near line 0 in /home/carson/poly/cpe439/bad_vivado/ip/hls_gamma_correction_1_0/component.xml: Bad end of element
CRITICAL WARNING: [IP_Flow 19-1977] Unable to read IP file /home/carson/poly/cpe439/bad_vivado/ip/hls_gamma_correction_1_0/component.xml. This IP will not be included in the IP Catalog.
WARNING: [IP_Flow 19-395] Problem reading Component: see 'xilinx:coreExtensions' near line 0 in /home/carson/poly/cpe439/bad_vivado/ip/hls_saturation_enhance_1_0/component.xml: Bad end of element
CRITICAL WARNING: [IP_Flow 19-1977] Unable to read IP file /home/carson/poly/cpe439/bad_vivado/ip/hls_saturation_enhance_1_0/component.xml. This IP will not be included in the IP Catalog.
WARNING: [IP_Flow 19-395] Problem reading Component: see 'xilinx:coreExtensions' near line 0 in /home/carson/poly/cpe439/bad_vivado/ip/Pmods/PmodDHB1_v1_0/component.xml: Bad end of element
CRITICAL WARNING: [IP_Flow 19-1977] Unable to read IP file /home/carson/poly/cpe439/bad_vivado/ip/Pmods/PmodDHB1_v1_0/component.xml. This IP will not be included in the IP Catalog.
WARNING: [IP_Flow 19-395] Problem reading Component: see 'xilinx:coreExtensions' near line 0 in /home/carson/poly/cpe439/bad_vivado/ip/Pmods/PmodMAXSONAR_v1_0/component.xml: Bad end of element
CRITICAL WARNING: [IP_Flow 19-1977] Unable to read IP file /home/carson/poly/cpe439/bad_vivado/ip/Pmods/PmodMAXSONAR_v1_0/component.xml. This IP will not be included in the IP Catalog.
WARNING: [IP_Flow 19-395] Problem reading Component: see 'xilinx:coreExtensions' near line 0 in /home/carson/poly/cpe439/bad_vivado/ip/Pmods/PmodBLE_v1_0/component.xml: Bad end of element
CRITICAL WARNING: [IP_Flow 19-1977] Unable to read IP file /home/carson/poly/cpe439/bad_vivado/ip/Pmods/PmodBLE_v1_0/component.xml. This IP will not be included in the IP Catalog.
WARNING: [IP_Flow 19-395] Problem reading Design: see 'xilinx:valuePermission' near line 0 in /home/carson/poly/cpe439/bad_vivado/ip/Pmods/PmodBLE_v1_0/src/PmodBLE_axi_uart16550_0_0/PmodBLE_axi_uart16550_0_0.xci: Unexpected attribute
WARNING: [IP_Flow 19-395] Problem reading Design: see 'xilinx:valuePermission' near line 0 in /home/carson/poly/cpe439/bad_vivado/ip/Pmods/PmodBLE_v1_0/src/PmodBLE_axi_gpio_0_0/PmodBLE_axi_gpio_0_0.xci: Unexpected attribute
WARNING: [IP_Flow 19-395] Problem reading Component: see 'xilinx:coreExtensions' near line 0 in /home/carson/poly/cpe439/bad_vivado/ip/Pmods/PmodESP32_v1_0/component.xml: Bad end of element
CRITICAL WARNING: [IP_Flow 19-1977] Unable to read IP file /home/carson/poly/cpe439/bad_vivado/ip/Pmods/PmodESP32_v1_0/component.xml. This IP will not be included in the IP Catalog.
WARNING: [IP_Flow 19-395] Problem reading Design: see 'xilinx:valuePermission' near line 0 in /home/carson/poly/cpe439/bad_vivado/ip/Pmods/PmodESP32_v1_0/src/PmodESP32_axi_gpio_0_0/PmodESP32_axi_gpio_0_0.xci: Unexpected attribute
WARNING: [IP_Flow 19-395] Problem reading Design: see 'xilinx:valuePermission' near line 0 in /home/carson/poly/cpe439/bad_vivado/ip/Pmods/PmodESP32_v1_0/src/PmodESP32_axi_uartlite_0_0/PmodESP32_axi_uartlite_0_0.xci: Unexpected attribute
INFO: [IP_Flow 19-1700] Loaded user IP repository '/home/carson/poly/cpe439/bad_vivado'.
WARNING: [IP_Flow 19-3899] Cannot get the environment domain name variable for the component vendor name. Setting the vendor name to 'user.org'.
WARNING: [IP_Flow 19-3899] Cannot get the environment domain name variable for the component vendor name. Setting the vendor name to 'user.org'.
startgroup
create_bd_cell -type ip -vlnv digilentinc.com:ip:dvi2rgb:1.9 dvi2rgb_0
WARNING: [IP_Flow 19-2162] IP 'design_1_dvi2rgb_0_0' is locked:
* IP definition 'DVI to RGB Video Decoder (Sink) (1.9)' relies on the following subcore(s) that were not found in the IP Catalog: xilinx.com:ip:ila:6.2
Please select 'Report IP Status' from the 'Tools/Report' menu or run Tcl command 'report_ip_status' for more information.
endgroup
remove_files /home/carson/poly/cpe439/hdmi_in/project_1.srcs/sources_1/bd/design_1/design_1.bd
create_ip -name dvi2rgb -vendor digilentinc.com -library ip -version 1.9 -module_name dvi2rgb_0
WARNING: [IP_Flow 19-2162] IP 'dvi2rgb_0' is locked:
* IP definition 'DVI to RGB Video Decoder (Sink) (1.9)' relies on the following subcore(s) that were not found in the IP Catalog: xilinx.com:ip:ila:6.2
Please select 'Report IP Status' from the 'Tools/Report' menu or run Tcl command 'report_ip_status' for more information.
generate_target {instantiation_template} [get_files /home/carson/poly/cpe439/hdmi_in/project_1.srcs/sources_1/ip/dvi2rgb_0/dvi2rgb_0.xci]
CRITICAL WARNING: [filemgmt 20-1365] Unable to generate target(s) for the following file is locked: /home/carson/poly/cpe439/hdmi_in/project_1.srcs/sources_1/ip/dvi2rgb_0/dvi2rgb_0.xci
Locked reason: 
* IP definition 'DVI to RGB Video Decoder (Sink) (1.9)' relies on the following subcore(s) that were not found in the IP Catalog: xilinx.com:ip:ila:6.2
Please select 'Report IP Status' from the 'Tools/Report' menu or run Tcl command 'report_ip_status' for more information.
create_ip -name dvi2rgb -vendor digilentinc.com -library ip -version 1.9 -module_name dvi2rgb_1
WARNING: [IP_Flow 19-2162] IP 'dvi2rgb_1' is locked:
* IP definition 'DVI to RGB Video Decoder (Sink) (1.9)' relies on the following subcore(s) that were not found in the IP Catalog: xilinx.com:ip:ila:6.2
Please select 'Report IP Status' from the 'Tools/Report' menu or run Tcl command 'report_ip_status' for more information.
generate_target {instantiation_template} [get_files /home/carson/poly/cpe439/hdmi_in/project_1.srcs/sources_1/ip/dvi2rgb_1/dvi2rgb_1.xci]
CRITICAL WARNING: [filemgmt 20-1365] Unable to generate target(s) for the following file is locked: /home/carson/poly/cpe439/hdmi_in/project_1.srcs/sources_1/ip/dvi2rgb_1/dvi2rgb_1.xci
Locked reason: 
* IP definition 'DVI to RGB Video Decoder (Sink) (1.9)' relies on the following subcore(s) that were not found in the IP Catalog: xilinx.com:ip:ila:6.2
Please select 'Report IP Status' from the 'Tools/Report' menu or run Tcl command 'report_ip_status' for more information.
remove_files /home/carson/poly/cpe439/hdmi_in/project_1.srcs/sources_1/ip/dvi2rgb_1/dvi2rgb_1.xci
WARNING: [IP_Flow 19-3899] Cannot get the environment domain name variable for the component vendor name. Setting the vendor name to 'user.org'.
set_property  ip_repo_paths  {} [current_project]
update_ip_catalog
INFO: [IP_Flow 19-234] Refreshing IP repositories
INFO: [IP_Flow 19-1704] No user IP repositories specified
WARNING: [IP_Flow 19-3899] Cannot get the environment domain name variable for the component vendor name. Setting the vendor name to 'user.org'.
set_property  ip_repo_paths  /home/carson/poly/cpe439/vivado-library-master [current_project]
update_ip_catalog
INFO: [IP_Flow 19-234] Refreshing IP repositories
WARNING: [IP_Flow 19-1694] Ignoring duplicate Bus Abstraction IP file 'digilentinc.com:interface:tmds_rtl:1.0' found within IP repository '/home/carson/poly/cpe439/vivado-library-master'.
WARNING: [IP_Flow 19-1694] Ignoring duplicate Bus Definition IP file 'digilentinc.com:interface:tmds:1.0' found within IP repository '/home/carson/poly/cpe439/vivado-library-master'.
INFO: [IP_Flow 19-1700] Loaded user IP repository '/home/carson/poly/cpe439/vivado-library-master'.
WARNING: [IP_Flow 19-3899] Cannot get the environment domain name variable for the component vendor name. Setting the vendor name to 'user.org'.
WARNING: [IP_Flow 19-3899] Cannot get the environment domain name variable for the component vendor name. Setting the vendor name to 'user.org'.
WARNING: [IP_Flow 19-3899] Cannot get the environment domain name variable for the component vendor name. Setting the vendor name to 'user.org'.
WARNING: [IP_Flow 19-3331] Invalid parameters found in dependency constraints of 'BUSIF_ENABLEMENT.AsyncRst' 
WARNING: [IP_Flow 19-3331] Invalid parameters found in dependency constraints of 'BUSIF_ENABLEMENT.SyncRst' 
create_ip -name dvi2rgb -vendor digilentinc.com -library ip -version 1.4 -module_name dvi2rgb_1
WARNING: [IP_Flow 19-3331] Invalid parameters found in dependency constraints of 'BUSIF_ENABLEMENT.AsyncRst' 
WARNING: [IP_Flow 19-3331] Invalid parameters found in dependency constraints of 'BUSIF_ENABLEMENT.SyncRst' 
generate_target {instantiation_template} [get_files /home/carson/poly/cpe439/hdmi_in/project_1.srcs/sources_1/ip/dvi2rgb_1_1/dvi2rgb_1.xci]
INFO: [IP_Flow 19-1686] Generating 'Instantiation Template' target for IP 'dvi2rgb_1'...
generate_target all [get_files  /home/carson/poly/cpe439/hdmi_in/project_1.srcs/sources_1/ip/dvi2rgb_1_1/dvi2rgb_1.xci]
INFO: [IP_Flow 19-1686] Generating 'Synthesis' target for IP 'dvi2rgb_1'...
INFO: [IP_Flow 19-1686] Generating 'Simulation' target for IP 'dvi2rgb_1'...
export_ip_user_files -of_objects [get_files /home/carson/poly/cpe439/hdmi_in/project_1.srcs/sources_1/ip/dvi2rgb_1_1/dvi2rgb_1.xci] -no_script -force -quiet
create_ip_run [get_files -of_objects [get_fileset sources_1] /home/carson/poly/cpe439/hdmi_in/project_1.srcs/sources_1/ip/dvi2rgb_1_1/dvi2rgb_1.xci]
launch_run -jobs 2 dvi2rgb_1_synth_1
[Thu Oct 25 22:15:39 2018] Launched dvi2rgb_1_synth_1...
Run output will be captured here: /home/carson/poly/cpe439/hdmi_in/project_1.runs/dvi2rgb_1_synth_1/runme.log
export_simulation -of_objects [get_files /home/carson/poly/cpe439/hdmi_in/project_1.srcs/sources_1/ip/dvi2rgb_1_1/dvi2rgb_1.xci] -directory /home/carson/poly/cpe439/hdmi_in/project_1.ip_user_files/sim_scripts -force -quiet
remove_files /home/carson/poly/cpe439/hdmi_in/project_1.srcs/sources_1/ip/dvi2rgb_0/dvi2rgb_0.xci
remove_files -fileset dvi2rgb_1 /home/carson/poly/cpe439/hdmi_in/project_1.srcs/sources_1/ip/dvi2rgb_1_1/dvi2rgb_1.xci
INFO: [Project 1-386] Moving file '/home/carson/poly/cpe439/hdmi_in/project_1.srcs/sources_1/ip/dvi2rgb_1_1/dvi2rgb_1.xci' from fileset 'dvi2rgb_1' to fileset 'sources_1'.
file delete -force /home/carson/poly/cpe439/hdmi_in/project_1.ip_user_files/ip/dvi2rgb_1
WARNING: [IP_Flow 19-3331] Invalid parameters found in dependency constraints of 'BUSIF_ENABLEMENT.AsyncRst' 
WARNING: [IP_Flow 19-3331] Invalid parameters found in dependency constraints of 'BUSIF_ENABLEMENT.SyncRst' 
create_ip -name dvi2rgb -vendor digilentinc.com -library ip -version 1.4 -module_name dvi2rgb_0
WARNING: [IP_Flow 19-3331] Invalid parameters found in dependency constraints of 'BUSIF_ENABLEMENT.AsyncRst' 
WARNING: [IP_Flow 19-3331] Invalid parameters found in dependency constraints of 'BUSIF_ENABLEMENT.SyncRst' 
generate_target {instantiation_template} [get_files /home/carson/poly/cpe439/hdmi_in/project_1.srcs/sources_1/ip/dvi2rgb_0_1/dvi2rgb_0.xci]
INFO: [IP_Flow 19-1686] Generating 'Instantiation Template' target for IP 'dvi2rgb_0'...
generate_target all [get_files  /home/carson/poly/cpe439/hdmi_in/project_1.srcs/sources_1/ip/dvi2rgb_0_1/dvi2rgb_0.xci]
INFO: [IP_Flow 19-1686] Generating 'Synthesis' target for IP 'dvi2rgb_0'...
INFO: [IP_Flow 19-1686] Generating 'Simulation' target for IP 'dvi2rgb_0'...
export_ip_user_files -of_objects [get_files /home/carson/poly/cpe439/hdmi_in/project_1.srcs/sources_1/ip/dvi2rgb_0_1/dvi2rgb_0.xci] -no_script -force -quiet
create_ip_run [get_files -of_objects [get_fileset sources_1] /home/carson/poly/cpe439/hdmi_in/project_1.srcs/sources_1/ip/dvi2rgb_0_1/dvi2rgb_0.xci]
launch_run -jobs 2 dvi2rgb_0_synth_1
[Thu Oct 25 22:17:46 2018] Launched dvi2rgb_0_synth_1...
Run output will be captured here: /home/carson/poly/cpe439/hdmi_in/project_1.runs/dvi2rgb_0_synth_1/runme.log
export_simulation -of_objects [get_files /home/carson/poly/cpe439/hdmi_in/project_1.srcs/sources_1/ip/dvi2rgb_0_1/dvi2rgb_0.xci] -directory /home/carson/poly/cpe439/hdmi_in/project_1.ip_user_files/sim_scripts -force -quiet
WARNING: [IP_Flow 19-3331] Invalid parameters found in dependency constraints of 'BUSIF_ENABLEMENT.AsyncRst' 
WARNING: [IP_Flow 19-3331] Invalid parameters found in dependency constraints of 'BUSIF_ENABLEMENT.SyncRst' 
reset_target all [get_files  /home/carson/poly/cpe439/hdmi_in/project_1.srcs/sources_1/ip/dvi2rgb_0_1/dvi2rgb_0.xci]
export_ip_user_files -of_objects  [get_files  /home/carson/poly/cpe439/hdmi_in/project_1.srcs/sources_1/ip/dvi2rgb_0_1/dvi2rgb_0.xci] -sync -no_script -force -quiet
delete_ip_run [get_files -of_objects [get_fileset dvi2rgb_0] /home/carson/poly/cpe439/hdmi_in/project_1.srcs/sources_1/ip/dvi2rgb_0_1/dvi2rgb_0.xci]
INFO: [Project 1-386] Moving file '/home/carson/poly/cpe439/hdmi_in/project_1.srcs/sources_1/ip/dvi2rgb_0_1/dvi2rgb_0.xci' from fileset 'dvi2rgb_0' to fileset 'sources_1'.
generate_target all [get_files  /home/carson/poly/cpe439/hdmi_in/project_1.srcs/sources_1/ip/dvi2rgb_0_1/dvi2rgb_0.xci]
INFO: [IP_Flow 19-1686] Generating 'Instantiation Template' target for IP 'dvi2rgb_0'...
INFO: [IP_Flow 19-1686] Generating 'Synthesis' target for IP 'dvi2rgb_0'...
INFO: [IP_Flow 19-1686] Generating 'Simulation' target for IP 'dvi2rgb_0'...
export_ip_user_files -of_objects [get_files /home/carson/poly/cpe439/hdmi_in/project_1.srcs/sources_1/ip/dvi2rgb_0_1/dvi2rgb_0.xci] -no_script -force -quiet
create_ip_run [get_files -of_objects [get_fileset sources_1] /home/carson/poly/cpe439/hdmi_in/project_1.srcs/sources_1/ip/dvi2rgb_0_1/dvi2rgb_0.xci]
launch_run -jobs 2 dvi2rgb_0_synth_1
[Thu Oct 25 22:18:41 2018] Launched dvi2rgb_0_synth_1...
Run output will be captured here: /home/carson/poly/cpe439/hdmi_in/project_1.runs/dvi2rgb_0_synth_1/runme.log
export_simulation -of_objects [get_files /home/carson/poly/cpe439/hdmi_in/project_1.srcs/sources_1/ip/dvi2rgb_0_1/dvi2rgb_0.xci] -directory /home/carson/poly/cpe439/hdmi_in/project_1.ip_user_files/sim_scripts -force -quiet
reset_target all [get_files  /home/carson/poly/cpe439/hdmi_in/project_1.srcs/sources_1/ip/dvi2rgb_0_1/dvi2rgb_0.xci]
export_ip_user_files -of_objects  [get_files  /home/carson/poly/cpe439/hdmi_in/project_1.srcs/sources_1/ip/dvi2rgb_0_1/dvi2rgb_0.xci] -sync -no_script -force -quiet
delete_ip_run [get_files -of_objects [get_fileset dvi2rgb_0] /home/carson/poly/cpe439/hdmi_in/project_1.srcs/sources_1/ip/dvi2rgb_0_1/dvi2rgb_0.xci]
INFO: [Project 1-386] Moving file '/home/carson/poly/cpe439/hdmi_in/project_1.srcs/sources_1/ip/dvi2rgb_0_1/dvi2rgb_0.xci' from fileset 'dvi2rgb_0' to fileset 'sources_1'.
generate_target all [get_files  /home/carson/poly/cpe439/hdmi_in/project_1.srcs/sources_1/ip/dvi2rgb_0_1/dvi2rgb_0.xci]
INFO: [IP_Flow 19-1686] Generating 'Instantiation Template' target for IP 'dvi2rgb_0'...
INFO: [IP_Flow 19-1686] Generating 'Synthesis' target for IP 'dvi2rgb_0'...
INFO: [IP_Flow 19-1686] Generating 'Simulation' target for IP 'dvi2rgb_0'...
export_ip_user_files -of_objects [get_files /home/carson/poly/cpe439/hdmi_in/project_1.srcs/sources_1/ip/dvi2rgb_0_1/dvi2rgb_0.xci] -no_script -force -quiet
create_ip_run [get_files -of_objects [get_fileset sources_1] /home/carson/poly/cpe439/hdmi_in/project_1.srcs/sources_1/ip/dvi2rgb_0_1/dvi2rgb_0.xci]
launch_run -jobs 2 dvi2rgb_0_synth_1
[Thu Oct 25 22:24:46 2018] Launched dvi2rgb_0_synth_1...
Run output will be captured here: /home/carson/poly/cpe439/hdmi_in/project_1.runs/dvi2rgb_0_synth_1/runme.log
export_simulation -of_objects [get_files /home/carson/poly/cpe439/hdmi_in/project_1.srcs/sources_1/ip/dvi2rgb_0_1/dvi2rgb_0.xci] -directory /home/carson/poly/cpe439/hdmi_in/project_1.ip_user_files/sim_scripts -force -quiet
exit
INFO: [Common 17-206] Exiting Vivado at Thu Oct 25 22:25:43 2018...
