#-----------------------------------------------------------
# Vivado v2015.4 (64-bit)
# SW Build 1412921 on Wed Nov 18 09:44:32 MST 2015
# IP Build 1412160 on Tue Nov 17 13:47:24 MST 2015
# Start of session at: Sun Oct 28 17:09:09 2018
# Process ID: 58600
# Current directory: /mnt/hgfs/Google Drive/poly/CPE439/Resistor-Value-Detector
# Command line: vivado project_1.xpr
# Log file: /mnt/hgfs/Google Drive/poly/CPE439/Resistor-Value-Detector/vivado.log
# Journal file: /mnt/hgfs/Google Drive/poly/CPE439/Resistor-Value-Detector/vivado.jou
#-----------------------------------------------------------
start_gui
open_project project_1.xpr
INFO: [Project 1-313] Project file moved from '/home/carson/poly/cpe439/hdmi_2_vga' since last save.
Scanning sources...
Finished scanning sources
INFO: [filemgmt 56-1] IP Repository Path: Directory not found as '/mnt/hgfs/Google Drive/poly/CPE439/vivado-library-master'; using path '/home/carson/poly/cpe439/vivado-library-master' instead.
INFO: [filemgmt 56-1] IPStaticSourceDir: Directory not found as '/mnt/hgfs/Google Drive/poly/CPE439/Resistor-Value-Detector/project_1.ip_user_files/ipstatic'; using path '/home/carson/poly/cpe439/hdmi_2_vga/project_1.ip_user_files/ipstatic' instead.
INFO: [IP_Flow 19-234] Refreshing IP repositories
WARNING: [IP_Flow 19-1694] Ignoring duplicate Bus Abstraction IP file 'digilentinc.com:interface:tmds_rtl:1.0' found within IP repository '/home/carson/poly/cpe439/vivado-library-master'.
WARNING: [IP_Flow 19-1694] Ignoring duplicate Bus Definition IP file 'digilentinc.com:interface:tmds:1.0' found within IP repository '/home/carson/poly/cpe439/vivado-library-master'.
INFO: [IP_Flow 19-1700] Loaded user IP repository '/home/carson/poly/cpe439/vivado-library-master'.
INFO: [IP_Flow 19-2313] Loaded Vivado IP repository '/opt/Xilinx/Vivado/2015.4/data/ip'.
open_project: Time (s): cpu = 00:00:15 ; elapsed = 00:00:07 . Memory (MB): peak = 5823.156 ; gain = 119.184 ; free physical = 3078 ; free virtual = 5731
reset_run synth_1
reset_run clk_wiz_0_synth_1
reset_run dvi2rgb_0_synth_1
reset_run rgb2vga_0_synth_1
launch_runs impl_1 -to_step write_bitstream -jobs 2
[Sun Oct 28 17:12:41 2018] Launched clk_wiz_0_synth_1, dvi2rgb_0_synth_1, rgb2vga_0_synth_1, synth_1...
Run output will be captured here:
clk_wiz_0_synth_1: /mnt/hgfs/Google Drive/poly/CPE439/Resistor-Value-Detector/project_1.runs/clk_wiz_0_synth_1/runme.log
dvi2rgb_0_synth_1: /mnt/hgfs/Google Drive/poly/CPE439/Resistor-Value-Detector/project_1.runs/dvi2rgb_0_synth_1/runme.log
rgb2vga_0_synth_1: /mnt/hgfs/Google Drive/poly/CPE439/Resistor-Value-Detector/project_1.runs/rgb2vga_0_synth_1/runme.log
synth_1: /mnt/hgfs/Google Drive/poly/CPE439/Resistor-Value-Detector/project_1.runs/synth_1/runme.log
[Sun Oct 28 17:12:41 2018] Launched impl_1...
Run output will be captured here: /mnt/hgfs/Google Drive/poly/CPE439/Resistor-Value-Detector/project_1.runs/impl_1/runme.log
reset_run synth_1
launch_runs impl_1 -to_step write_bitstream -jobs 2
[Sun Oct 28 17:18:11 2018] Launched clk_wiz_0_synth_1, dvi2rgb_0_synth_1, rgb2vga_0_synth_1, synth_1...
Run output will be captured here:
clk_wiz_0_synth_1: /mnt/hgfs/Google Drive/poly/CPE439/Resistor-Value-Detector/project_1.runs/clk_wiz_0_synth_1/runme.log
dvi2rgb_0_synth_1: /mnt/hgfs/Google Drive/poly/CPE439/Resistor-Value-Detector/project_1.runs/dvi2rgb_0_synth_1/runme.log
rgb2vga_0_synth_1: /mnt/hgfs/Google Drive/poly/CPE439/Resistor-Value-Detector/project_1.runs/rgb2vga_0_synth_1/runme.log
synth_1: /mnt/hgfs/Google Drive/poly/CPE439/Resistor-Value-Detector/project_1.runs/synth_1/runme.log
[Sun Oct 28 17:18:11 2018] Launched impl_1...
Run output will be captured here: /mnt/hgfs/Google Drive/poly/CPE439/Resistor-Value-Detector/project_1.runs/impl_1/runme.log
