
*** Running vivado
    with args -log dvi2rgb_0.vds -m64 -mode batch -messageDb vivado.pb -notrace -source dvi2rgb_0.tcl


****** Vivado v2015.4 (64-bit)
  **** SW Build 1412921 on Wed Nov 18 09:44:32 MST 2015
  **** IP Build 1412160 on Tue Nov 17 13:47:24 MST 2015
    ** Copyright 1986-2015 Xilinx, Inc. All Rights Reserved.

source dvi2rgb_0.tcl -notrace
INFO: [IP_Flow 19-234] Refreshing IP repositories
WARNING: [IP_Flow 19-1694] Ignoring duplicate Bus Abstraction IP file 'digilentinc.com:interface:tmds_rtl:1.0' found within IP repository '/home/carson/poly/cpe439/vivado-library-master'.
WARNING: [IP_Flow 19-1694] Ignoring duplicate Bus Definition IP file 'digilentinc.com:interface:tmds:1.0' found within IP repository '/home/carson/poly/cpe439/vivado-library-master'.
INFO: [IP_Flow 19-1700] Loaded user IP repository '/home/carson/poly/cpe439/vivado-library-master'.
INFO: [IP_Flow 19-2313] Loaded Vivado IP repository '/opt/Xilinx/Vivado/2015.4/data/ip'.
WARNING: [IP_Flow 19-3664] IP 'dvi2rgb_0' generated file not found '/home/carson/poly/cpe439/hdmi_2_vga/project_1.srcs/sources_1/ip/dvi2rgb_0_2/dvi2rgb_0.dcp'. Please regenerate to continue.
WARNING: [IP_Flow 19-3664] IP 'dvi2rgb_0' generated file not found '/home/carson/poly/cpe439/hdmi_2_vga/project_1.srcs/sources_1/ip/dvi2rgb_0_2/dvi2rgb_0_stub.v'. Please regenerate to continue.
WARNING: [IP_Flow 19-3664] IP 'dvi2rgb_0' generated file not found '/home/carson/poly/cpe439/hdmi_2_vga/project_1.srcs/sources_1/ip/dvi2rgb_0_2/dvi2rgb_0_stub.vhdl'. Please regenerate to continue.
WARNING: [IP_Flow 19-3664] IP 'dvi2rgb_0' generated file not found '/home/carson/poly/cpe439/hdmi_2_vga/project_1.srcs/sources_1/ip/dvi2rgb_0_2/dvi2rgb_0_sim_netlist.v'. Please regenerate to continue.
WARNING: [IP_Flow 19-3664] IP 'dvi2rgb_0' generated file not found '/home/carson/poly/cpe439/hdmi_2_vga/project_1.srcs/sources_1/ip/dvi2rgb_0_2/dvi2rgb_0_sim_netlist.vhdl'. Please regenerate to continue.
Command: synth_design -top dvi2rgb_0 -part xc7z010clg400-1 -mode out_of_context
Starting synth_design
Attempting to get a license for feature 'Synthesis' and/or device 'xc7z010'
INFO: [Common 17-349] Got license for feature 'Synthesis' and/or device 'xc7z010'
---------------------------------------------------------------------------------
Starting RTL Elaboration : Time (s): cpu = 00:00:06 ; elapsed = 00:00:06 . Memory (MB): peak = 985.879 ; gain = 144.918 ; free physical = 1042 ; free virtual = 3771
---------------------------------------------------------------------------------
WARNING: [Synth 8-1565] actual for formal port arst is neither a static name nor a globally static expression [/home/carson/poly/cpe439/hdmi_2_vga/project_1.srcs/sources_1/ip/dvi2rgb_0_2/src/TMDS_Clocking.vhd:128]
WARNING: [Synth 8-1565] actual for formal port arst is neither a static name nor a globally static expression [/home/carson/poly/cpe439/hdmi_2_vga/project_1.srcs/sources_1/ip/dvi2rgb_0_2/src/dvi2rgb.vhd:153]
WARNING: [Synth 8-1565] actual for formal port potherchrdy is neither a static name nor a globally static expression [/home/carson/poly/cpe439/hdmi_2_vga/project_1.srcs/sources_1/ip/dvi2rgb_0_2/src/dvi2rgb.vhd:174]
WARNING: [Synth 8-1565] actual for formal port potherchvld is neither a static name nor a globally static expression [/home/carson/poly/cpe439/hdmi_2_vga/project_1.srcs/sources_1/ip/dvi2rgb_0_2/src/dvi2rgb.vhd:175]
INFO: [Synth 8-638] synthesizing module 'dvi2rgb_0' [/home/carson/poly/cpe439/hdmi_2_vga/project_1.srcs/sources_1/ip/dvi2rgb_0_2/synth/dvi2rgb_0.vhd:80]
	Parameter kEmulateDDC bound to: 1 - type: bool 
	Parameter kRstActiveHigh bound to: 0 - type: bool 
	Parameter kClkRange bound to: 1 - type: integer 
	Parameter kIDLY_TapValuePs bound to: 78 - type: integer 
	Parameter kIDLY_TapWidth bound to: 5 - type: integer 
INFO: [Synth 8-3491] module 'dvi2rgb' declared at '/home/carson/poly/cpe439/hdmi_2_vga/project_1.srcs/sources_1/ip/dvi2rgb_0_2/src/dvi2rgb.vhd:64' bound to instance 'U0' of component 'dvi2rgb' [/home/carson/poly/cpe439/hdmi_2_vga/project_1.srcs/sources_1/ip/dvi2rgb_0_2/synth/dvi2rgb_0.vhd:141]
INFO: [Synth 8-638] synthesizing module 'dvi2rgb' [/home/carson/poly/cpe439/hdmi_2_vga/project_1.srcs/sources_1/ip/dvi2rgb_0_2/src/dvi2rgb.vhd:108]
	Parameter kEmulateDDC bound to: 1 - type: bool 
	Parameter kRstActiveHigh bound to: 0 - type: bool 
	Parameter kClkRange bound to: 1 - type: integer 
	Parameter kIDLY_TapValuePs bound to: 78 - type: integer 
	Parameter kIDLY_TapWidth bound to: 5 - type: integer 
INFO: [Synth 8-638] synthesizing module 'TMDS_Clocking' [/home/carson/poly/cpe439/hdmi_2_vga/project_1.srcs/sources_1/ip/dvi2rgb_0_2/src/TMDS_Clocking.vhd:75]
	Parameter kClkRange bound to: 1 - type: integer 
INFO: [Synth 8-638] synthesizing module 'ResetBridge' [/home/carson/poly/cpe439/hdmi_2_vga/project_1.srcs/sources_1/ip/dvi2rgb_0_2/src/SyncAsyncReset.vhd:72]
	Parameter kPolarity bound to: 1'b1 
INFO: [Synth 8-5534] Detected attribute (* keep = "TRUE" *) [/home/carson/poly/cpe439/hdmi_2_vga/project_1.srcs/sources_1/ip/dvi2rgb_0_2/src/SyncAsyncReset.vhd:73]
INFO: [Synth 8-638] synthesizing module 'SyncAsync' [/home/carson/poly/cpe439/hdmi_2_vga/project_1.srcs/sources_1/ip/dvi2rgb_0_2/src/SyncAsync.vhd:72]
	Parameter kResetTo bound to: 1'b1 
	Parameter kStages bound to: 2 - type: integer 
INFO: [Synth 8-5534] Detected attribute (* async_reg = "TRUE" *) [/home/carson/poly/cpe439/hdmi_2_vga/project_1.srcs/sources_1/ip/dvi2rgb_0_2/src/SyncAsync.vhd:73]
INFO: [Synth 8-256] done synthesizing module 'SyncAsync' (1#1) [/home/carson/poly/cpe439/hdmi_2_vga/project_1.srcs/sources_1/ip/dvi2rgb_0_2/src/SyncAsync.vhd:72]
INFO: [Synth 8-256] done synthesizing module 'ResetBridge' (2#1) [/home/carson/poly/cpe439/hdmi_2_vga/project_1.srcs/sources_1/ip/dvi2rgb_0_2/src/SyncAsyncReset.vhd:72]
	Parameter SIM_DEVICE bound to: 7SERIES - type: string 
INFO: [Synth 8-113] binding component instance 'IDelayCtrlX' to cell 'IDELAYCTRL' [/home/carson/poly/cpe439/hdmi_2_vga/project_1.srcs/sources_1/ip/dvi2rgb_0_2/src/TMDS_Clocking.vhd:118]
	Parameter CAPACITANCE bound to: DONT_CARE - type: string 
	Parameter DIFF_TERM bound to: 0 - type: bool 
	Parameter DQS_BIAS bound to: FALSE - type: string 
	Parameter IBUF_DELAY_VALUE bound to: 0 - type: string 
	Parameter IBUF_LOW_PWR bound to: 1 - type: bool 
	Parameter IFD_DELAY_VALUE bound to: AUTO - type: string 
	Parameter IOSTANDARD bound to: TMDS_33 - type: string 
INFO: [Synth 8-113] binding component instance 'InputBuffer' to cell 'IBUFDS' [/home/carson/poly/cpe439/hdmi_2_vga/project_1.srcs/sources_1/ip/dvi2rgb_0_2/src/TMDS_Clocking.vhd:132]
	Parameter BANDWIDTH bound to: OPTIMIZED - type: string 
	Parameter CLKFBOUT_MULT_F bound to: 5.000000 - type: float 
	Parameter CLKFBOUT_PHASE bound to: 0.000000 - type: float 
	Parameter CLKFBOUT_USE_FINE_PS bound to: 0 - type: bool 
	Parameter CLKIN1_PERIOD bound to: 6.000000 - type: float 
	Parameter CLKIN2_PERIOD bound to: 0.000000 - type: float 
	Parameter CLKOUT0_DIVIDE_F bound to: 1.000000 - type: float 
	Parameter CLKOUT0_DUTY_CYCLE bound to: 0.500000 - type: float 
	Parameter CLKOUT0_PHASE bound to: 0.000000 - type: float 
	Parameter CLKOUT0_USE_FINE_PS bound to: 0 - type: bool 
	Parameter CLKOUT1_DIVIDE bound to: 1 - type: integer 
	Parameter CLKOUT1_DUTY_CYCLE bound to: 0.500000 - type: float 
	Parameter CLKOUT1_PHASE bound to: 0.000000 - type: float 
	Parameter CLKOUT1_USE_FINE_PS bound to: 0 - type: bool 
	Parameter CLKOUT2_DIVIDE bound to: 1 - type: integer 
	Parameter CLKOUT2_DUTY_CYCLE bound to: 0.500000 - type: float 
	Parameter CLKOUT2_PHASE bound to: 0.000000 - type: float 
	Parameter CLKOUT2_USE_FINE_PS bound to: 0 - type: bool 
	Parameter CLKOUT3_DIVIDE bound to: 1 - type: integer 
	Parameter CLKOUT3_DUTY_CYCLE bound to: 0.500000 - type: float 
	Parameter CLKOUT3_PHASE bound to: 0.000000 - type: float 
	Parameter CLKOUT3_USE_FINE_PS bound to: 0 - type: bool 
	Parameter CLKOUT4_CASCADE bound to: 0 - type: bool 
	Parameter CLKOUT4_DIVIDE bound to: 1 - type: integer 
	Parameter CLKOUT4_DUTY_CYCLE bound to: 0.500000 - type: float 
	Parameter CLKOUT4_PHASE bound to: 0.000000 - type: float 
	Parameter CLKOUT4_USE_FINE_PS bound to: 0 - type: bool 
	Parameter CLKOUT5_DIVIDE bound to: 1 - type: integer 
	Parameter CLKOUT5_DUTY_CYCLE bound to: 0.500000 - type: float 
	Parameter CLKOUT5_PHASE bound to: 0.000000 - type: float 
	Parameter CLKOUT5_USE_FINE_PS bound to: 0 - type: bool 
	Parameter CLKOUT6_DIVIDE bound to: 1 - type: integer 
	Parameter CLKOUT6_DUTY_CYCLE bound to: 0.500000 - type: float 
	Parameter CLKOUT6_PHASE bound to: 0.000000 - type: float 
	Parameter CLKOUT6_USE_FINE_PS bound to: 0 - type: bool 
	Parameter COMPENSATION bound to: ZHOLD - type: string 
	Parameter DIVCLK_DIVIDE bound to: 1 - type: integer 
	Parameter IS_CLKINSEL_INVERTED bound to: 1'b0 
	Parameter IS_PSEN_INVERTED bound to: 1'b0 
	Parameter IS_PSINCDEC_INVERTED bound to: 1'b0 
	Parameter IS_PWRDWN_INVERTED bound to: 1'b0 
	Parameter IS_RST_INVERTED bound to: 1'b0 
	Parameter REF_JITTER1 bound to: 0.010000 - type: float 
	Parameter REF_JITTER2 bound to: 0.000000 - type: float 
	Parameter SS_EN bound to: FALSE - type: string 
	Parameter SS_MODE bound to: CENTER_HIGH - type: string 
	Parameter SS_MOD_PERIOD bound to: 10000 - type: integer 
	Parameter STARTUP_WAIT bound to: 0 - type: bool 
INFO: [Synth 8-113] binding component instance 'DVI_ClkGenerator' to cell 'MMCME2_ADV' [/home/carson/poly/cpe439/hdmi_2_vga/project_1.srcs/sources_1/ip/dvi2rgb_0_2/src/TMDS_Clocking.vhd:173]
INFO: [Synth 8-113] binding component instance 'SerialClkBuffer' to cell 'BUFIO' [/home/carson/poly/cpe439/hdmi_2_vga/project_1.srcs/sources_1/ip/dvi2rgb_0_2/src/TMDS_Clocking.vhd:232]
	Parameter BUFR_DIVIDE bound to: 5 - type: string 
	Parameter SIM_DEVICE bound to: 7SERIES - type: string 
INFO: [Synth 8-113] binding component instance 'PixelClkBuffer' to cell 'BUFR' [/home/carson/poly/cpe439/hdmi_2_vga/project_1.srcs/sources_1/ip/dvi2rgb_0_2/src/TMDS_Clocking.vhd:238]
INFO: [Synth 8-638] synthesizing module 'SyncAsync__parameterized0' [/home/carson/poly/cpe439/hdmi_2_vga/project_1.srcs/sources_1/ip/dvi2rgb_0_2/src/SyncAsync.vhd:72]
	Parameter kResetTo bound to: 1'b0 
	Parameter kStages bound to: 2 - type: integer 
INFO: [Synth 8-256] done synthesizing module 'SyncAsync__parameterized0' (2#1) [/home/carson/poly/cpe439/hdmi_2_vga/project_1.srcs/sources_1/ip/dvi2rgb_0_2/src/SyncAsync.vhd:72]
INFO: [Synth 8-256] done synthesizing module 'TMDS_Clocking' (3#1) [/home/carson/poly/cpe439/hdmi_2_vga/project_1.srcs/sources_1/ip/dvi2rgb_0_2/src/TMDS_Clocking.vhd:75]
INFO: [Synth 8-638] synthesizing module 'TMDS_Decoder' [/home/carson/poly/cpe439/hdmi_2_vga/project_1.srcs/sources_1/ip/dvi2rgb_0_2/src/TMDS_Decoder.vhd:96]
	Parameter kCtlTknCount bound to: 128 - type: integer 
	Parameter kTimeoutMs bound to: 50 - type: integer 
	Parameter kRefClkFrqMHz bound to: 200 - type: integer 
	Parameter kIDLY_TapValuePs bound to: 78 - type: integer 
	Parameter kIDLY_TapWidth bound to: 5 - type: integer 
INFO: [Synth 8-638] synthesizing module 'InputSERDES' [/home/carson/poly/cpe439/hdmi_2_vga/project_1.srcs/sources_1/ip/dvi2rgb_0_2/src/InputSERDES.vhd:85]
	Parameter kIDLY_TapWidth bound to: 5 - type: integer 
	Parameter kParallelWidth bound to: 10 - type: integer 
	Parameter CAPACITANCE bound to: DONT_CARE - type: string 
	Parameter DIFF_TERM bound to: 0 - type: bool 
	Parameter DQS_BIAS bound to: FALSE - type: string 
	Parameter IBUF_DELAY_VALUE bound to: 0 - type: string 
	Parameter IBUF_LOW_PWR bound to: 1 - type: bool 
	Parameter IFD_DELAY_VALUE bound to: AUTO - type: string 
	Parameter IOSTANDARD bound to: TMDS_33 - type: string 
INFO: [Synth 8-113] binding component instance 'InputBuffer' to cell 'IBUFDS' [/home/carson/poly/cpe439/hdmi_2_vga/project_1.srcs/sources_1/ip/dvi2rgb_0_2/src/InputSERDES.vhd:92]
	Parameter CINVCTRL_SEL bound to: FALSE - type: string 
	Parameter DELAY_SRC bound to: IDATAIN - type: string 
	Parameter HIGH_PERFORMANCE_MODE bound to: TRUE - type: string 
	Parameter IDELAY_TYPE bound to: VARIABLE - type: string 
	Parameter IDELAY_VALUE bound to: 0 - type: integer 
	Parameter IS_C_INVERTED bound to: 1'b0 
	Parameter IS_DATAIN_INVERTED bound to: 1'b0 
	Parameter IS_IDATAIN_INVERTED bound to: 1'b0 
	Parameter PIPE_SEL bound to: FALSE - type: string 
	Parameter REFCLK_FREQUENCY bound to: 200.000000 - type: float 
	Parameter SIGNAL_PATTERN bound to: DATA - type: string 
INFO: [Synth 8-113] binding component instance 'InputDelay' to cell 'IDELAYE2' [/home/carson/poly/cpe439/hdmi_2_vga/project_1.srcs/sources_1/ip/dvi2rgb_0_2/src/InputSERDES.vhd:102]
	Parameter DATA_RATE bound to: DDR - type: string 
	Parameter DATA_WIDTH bound to: 10 - type: integer 
	Parameter DYN_CLKDIV_INV_EN bound to: FALSE - type: string 
	Parameter DYN_CLK_INV_EN bound to: FALSE - type: string 
	Parameter INIT_Q1 bound to: 1'b0 
	Parameter INIT_Q2 bound to: 1'b0 
	Parameter INIT_Q3 bound to: 1'b0 
	Parameter INIT_Q4 bound to: 1'b0 
	Parameter INTERFACE_TYPE bound to: NETWORKING - type: string 
	Parameter IOBDELAY bound to: IFD - type: string 
	Parameter IS_CLKB_INVERTED bound to: 1'b0 
	Parameter IS_CLKDIVP_INVERTED bound to: 1'b0 
	Parameter IS_CLKDIV_INVERTED bound to: 1'b0 
	Parameter IS_CLK_INVERTED bound to: 1'b0 
	Parameter IS_D_INVERTED bound to: 1'b0 
	Parameter IS_OCLKB_INVERTED bound to: 1'b0 
	Parameter IS_OCLK_INVERTED bound to: 1'b0 
	Parameter NUM_CE bound to: 2 - type: integer 
	Parameter OFB_USED bound to: FALSE - type: string 
	Parameter SERDES_MODE bound to: MASTER - type: string 
	Parameter SRVAL_Q1 bound to: 1'b0 
	Parameter SRVAL_Q2 bound to: 1'b0 
	Parameter SRVAL_Q3 bound to: 1'b0 
	Parameter SRVAL_Q4 bound to: 1'b0 
INFO: [Synth 8-113] binding component instance 'DeserializerMaster' to cell 'ISERDESE2' [/home/carson/poly/cpe439/hdmi_2_vga/project_1.srcs/sources_1/ip/dvi2rgb_0_2/src/InputSERDES.vhd:130]
	Parameter DATA_RATE bound to: DDR - type: string 
	Parameter DATA_WIDTH bound to: 10 - type: integer 
	Parameter DYN_CLKDIV_INV_EN bound to: FALSE - type: string 
	Parameter DYN_CLK_INV_EN bound to: FALSE - type: string 
	Parameter INIT_Q1 bound to: 1'b0 
	Parameter INIT_Q2 bound to: 1'b0 
	Parameter INIT_Q3 bound to: 1'b0 
	Parameter INIT_Q4 bound to: 1'b0 
	Parameter INTERFACE_TYPE bound to: NETWORKING - type: string 
	Parameter IOBDELAY bound to: IFD - type: string 
	Parameter IS_CLKB_INVERTED bound to: 1'b0 
	Parameter IS_CLKDIVP_INVERTED bound to: 1'b0 
	Parameter IS_CLKDIV_INVERTED bound to: 1'b0 
	Parameter IS_CLK_INVERTED bound to: 1'b0 
	Parameter IS_D_INVERTED bound to: 1'b0 
	Parameter IS_OCLKB_INVERTED bound to: 1'b0 
	Parameter IS_OCLK_INVERTED bound to: 1'b0 
	Parameter NUM_CE bound to: 2 - type: integer 
	Parameter OFB_USED bound to: FALSE - type: string 
	Parameter SERDES_MODE bound to: SLAVE - type: string 
	Parameter SRVAL_Q1 bound to: 1'b0 
	Parameter SRVAL_Q2 bound to: 1'b0 
	Parameter SRVAL_Q3 bound to: 1'b0 
	Parameter SRVAL_Q4 bound to: 1'b0 
INFO: [Synth 8-113] binding component instance 'DeserializerSlave' to cell 'ISERDESE2' [/home/carson/poly/cpe439/hdmi_2_vga/project_1.srcs/sources_1/ip/dvi2rgb_0_2/src/InputSERDES.vhd:172]
INFO: [Synth 8-256] done synthesizing module 'InputSERDES' (4#1) [/home/carson/poly/cpe439/hdmi_2_vga/project_1.srcs/sources_1/ip/dvi2rgb_0_2/src/InputSERDES.vhd:85]
INFO: [Synth 8-638] synthesizing module 'SyncBase' [/home/carson/poly/cpe439/hdmi_2_vga/project_1.srcs/sources_1/ip/dvi2rgb_0_2/xil_defaultlib/src/SyncBase.vhd:74]
	Parameter kResetTo bound to: 1'b0 
	Parameter kStages bound to: 2 - type: integer 
INFO: [Synth 8-638] synthesizing module 'SyncAsync__parameterized1' [/home/carson/poly/cpe439/hdmi_2_vga/project_1.srcs/sources_1/ip/dvi2rgb_0_2/src/SyncAsync.vhd:72]
	Parameter kResetTo bound to: 1'b0 
	Parameter kStages bound to: 2 - type: integer 
INFO: [Synth 8-256] done synthesizing module 'SyncAsync__parameterized1' (4#1) [/home/carson/poly/cpe439/hdmi_2_vga/project_1.srcs/sources_1/ip/dvi2rgb_0_2/src/SyncAsync.vhd:72]
INFO: [Synth 8-256] done synthesizing module 'SyncBase' (5#1) [/home/carson/poly/cpe439/hdmi_2_vga/project_1.srcs/sources_1/ip/dvi2rgb_0_2/xil_defaultlib/src/SyncBase.vhd:74]
INFO: [Synth 8-638] synthesizing module 'SyncBase__parameterized0' [/home/carson/poly/cpe439/hdmi_2_vga/project_1.srcs/sources_1/ip/dvi2rgb_0_2/xil_defaultlib/src/SyncBase.vhd:74]
	Parameter kResetTo bound to: 1'b1 
	Parameter kStages bound to: 2 - type: integer 
INFO: [Synth 8-256] done synthesizing module 'SyncBase__parameterized0' (5#1) [/home/carson/poly/cpe439/hdmi_2_vga/project_1.srcs/sources_1/ip/dvi2rgb_0_2/xil_defaultlib/src/SyncBase.vhd:74]
INFO: [Synth 8-638] synthesizing module 'PhaseAlign' [/home/carson/poly/cpe439/hdmi_2_vga/project_1.srcs/sources_1/ip/dvi2rgb_0_2/src/PhaseAlign.vhd:95]
	Parameter kUseFastAlgorithm bound to: 0 - type: bool 
	Parameter kCtlTknCount bound to: 128 - type: integer 
	Parameter kIDLY_TapValuePs bound to: 78 - type: integer 
	Parameter kIDLY_TapWidth bound to: 5 - type: integer 
INFO: [Synth 8-256] done synthesizing module 'PhaseAlign' (6#1) [/home/carson/poly/cpe439/hdmi_2_vga/project_1.srcs/sources_1/ip/dvi2rgb_0_2/src/PhaseAlign.vhd:95]
INFO: [Synth 8-638] synthesizing module 'ChannelBond' [/home/carson/poly/cpe439/hdmi_2_vga/project_1.srcs/sources_1/ip/dvi2rgb_0_2/src/ChannelBond.vhd:74]
INFO: [Synth 8-256] done synthesizing module 'ChannelBond' (7#1) [/home/carson/poly/cpe439/hdmi_2_vga/project_1.srcs/sources_1/ip/dvi2rgb_0_2/src/ChannelBond.vhd:74]
INFO: [Synth 8-256] done synthesizing module 'TMDS_Decoder' (8#1) [/home/carson/poly/cpe439/hdmi_2_vga/project_1.srcs/sources_1/ip/dvi2rgb_0_2/src/TMDS_Decoder.vhd:96]
INFO: [Synth 8-638] synthesizing module 'EEPROM_8b' [/home/carson/poly/cpe439/hdmi_2_vga/project_1.srcs/sources_1/ip/dvi2rgb_0_2/src/EEPROM_8b.vhd:85]
	Parameter kSampleClkFreqInMHz bound to: 200 - type: integer 
	Parameter kSlaveAddress bound to: 7'b1010000 
	Parameter kAddrBits bound to: 7 - type: integer 
	Parameter kWritable bound to: 0 - type: bool 
	Parameter kInitFileName bound to: dgl_dvi_edid.txt - type: string 
WARNING: [Synth 8-312] ignoring unsynthesizable construct: assertion statement [/home/carson/poly/cpe439/hdmi_2_vga/project_1.srcs/sources_1/ip/dvi2rgb_0_2/src/EEPROM_8b.vhd:96]
WARNING: [Synth 8-312] ignoring unsynthesizable construct: assertion statement [/home/carson/poly/cpe439/hdmi_2_vga/project_1.srcs/sources_1/ip/dvi2rgb_0_2/src/EEPROM_8b.vhd:100]
WARNING: [Synth 8-312] ignoring unsynthesizable construct: assertion statement [/home/carson/poly/cpe439/hdmi_2_vga/project_1.srcs/sources_1/ip/dvi2rgb_0_2/src/EEPROM_8b.vhd:100]
WARNING: [Synth 8-312] ignoring unsynthesizable construct: assertion statement [/home/carson/poly/cpe439/hdmi_2_vga/project_1.srcs/sources_1/ip/dvi2rgb_0_2/src/EEPROM_8b.vhd:100]
WARNING: [Synth 8-312] ignoring unsynthesizable construct: assertion statement [/home/carson/poly/cpe439/hdmi_2_vga/project_1.srcs/sources_1/ip/dvi2rgb_0_2/src/EEPROM_8b.vhd:100]
WARNING: [Synth 8-312] ignoring unsynthesizable construct: assertion statement [/home/carson/poly/cpe439/hdmi_2_vga/project_1.srcs/sources_1/ip/dvi2rgb_0_2/src/EEPROM_8b.vhd:100]
WARNING: [Synth 8-312] ignoring unsynthesizable construct: assertion statement [/home/carson/poly/cpe439/hdmi_2_vga/project_1.srcs/sources_1/ip/dvi2rgb_0_2/src/EEPROM_8b.vhd:100]
WARNING: [Synth 8-312] ignoring unsynthesizable construct: assertion statement [/home/carson/poly/cpe439/hdmi_2_vga/project_1.srcs/sources_1/ip/dvi2rgb_0_2/src/EEPROM_8b.vhd:100]
WARNING: [Synth 8-312] ignoring unsynthesizable construct: assertion statement [/home/carson/poly/cpe439/hdmi_2_vga/project_1.srcs/sources_1/ip/dvi2rgb_0_2/src/EEPROM_8b.vhd:100]
WARNING: [Synth 8-312] ignoring unsynthesizable construct: assertion statement [/home/carson/poly/cpe439/hdmi_2_vga/project_1.srcs/sources_1/ip/dvi2rgb_0_2/src/EEPROM_8b.vhd:100]
WARNING: [Synth 8-312] ignoring unsynthesizable construct: assertion statement [/home/carson/poly/cpe439/hdmi_2_vga/project_1.srcs/sources_1/ip/dvi2rgb_0_2/src/EEPROM_8b.vhd:100]
WARNING: [Synth 8-312] ignoring unsynthesizable construct: assertion statement [/home/carson/poly/cpe439/hdmi_2_vga/project_1.srcs/sources_1/ip/dvi2rgb_0_2/src/EEPROM_8b.vhd:100]
WARNING: [Synth 8-312] ignoring unsynthesizable construct: assertion statement [/home/carson/poly/cpe439/hdmi_2_vga/project_1.srcs/sources_1/ip/dvi2rgb_0_2/src/EEPROM_8b.vhd:100]
WARNING: [Synth 8-312] ignoring unsynthesizable construct: assertion statement [/home/carson/poly/cpe439/hdmi_2_vga/project_1.srcs/sources_1/ip/dvi2rgb_0_2/src/EEPROM_8b.vhd:100]
WARNING: [Synth 8-312] ignoring unsynthesizable construct: assertion statement [/home/carson/poly/cpe439/hdmi_2_vga/project_1.srcs/sources_1/ip/dvi2rgb_0_2/src/EEPROM_8b.vhd:100]
WARNING: [Synth 8-312] ignoring unsynthesizable construct: assertion statement [/home/carson/poly/cpe439/hdmi_2_vga/project_1.srcs/sources_1/ip/dvi2rgb_0_2/src/EEPROM_8b.vhd:100]
WARNING: [Synth 8-312] ignoring unsynthesizable construct: assertion statement [/home/carson/poly/cpe439/hdmi_2_vga/project_1.srcs/sources_1/ip/dvi2rgb_0_2/src/EEPROM_8b.vhd:100]
WARNING: [Synth 8-312] ignoring unsynthesizable construct: assertion statement [/home/carson/poly/cpe439/hdmi_2_vga/project_1.srcs/sources_1/ip/dvi2rgb_0_2/src/EEPROM_8b.vhd:100]
WARNING: [Synth 8-312] ignoring unsynthesizable construct: assertion statement [/home/carson/poly/cpe439/hdmi_2_vga/project_1.srcs/sources_1/ip/dvi2rgb_0_2/src/EEPROM_8b.vhd:100]
WARNING: [Synth 8-312] ignoring unsynthesizable construct: assertion statement [/home/carson/poly/cpe439/hdmi_2_vga/project_1.srcs/sources_1/ip/dvi2rgb_0_2/src/EEPROM_8b.vhd:100]
WARNING: [Synth 8-312] ignoring unsynthesizable construct: assertion statement [/home/carson/poly/cpe439/hdmi_2_vga/project_1.srcs/sources_1/ip/dvi2rgb_0_2/src/EEPROM_8b.vhd:100]
WARNING: [Synth 8-312] ignoring unsynthesizable construct: assertion statement [/home/carson/poly/cpe439/hdmi_2_vga/project_1.srcs/sources_1/ip/dvi2rgb_0_2/src/EEPROM_8b.vhd:100]
WARNING: [Synth 8-312] ignoring unsynthesizable construct: assertion statement [/home/carson/poly/cpe439/hdmi_2_vga/project_1.srcs/sources_1/ip/dvi2rgb_0_2/src/EEPROM_8b.vhd:100]
WARNING: [Synth 8-312] ignoring unsynthesizable construct: assertion statement [/home/carson/poly/cpe439/hdmi_2_vga/project_1.srcs/sources_1/ip/dvi2rgb_0_2/src/EEPROM_8b.vhd:100]
WARNING: [Synth 8-312] ignoring unsynthesizable construct: assertion statement [/home/carson/poly/cpe439/hdmi_2_vga/project_1.srcs/sources_1/ip/dvi2rgb_0_2/src/EEPROM_8b.vhd:100]
WARNING: [Synth 8-312] ignoring unsynthesizable construct: assertion statement [/home/carson/poly/cpe439/hdmi_2_vga/project_1.srcs/sources_1/ip/dvi2rgb_0_2/src/EEPROM_8b.vhd:100]
WARNING: [Synth 8-312] ignoring unsynthesizable construct: assertion statement [/home/carson/poly/cpe439/hdmi_2_vga/project_1.srcs/sources_1/ip/dvi2rgb_0_2/src/EEPROM_8b.vhd:100]
WARNING: [Synth 8-312] ignoring unsynthesizable construct: assertion statement [/home/carson/poly/cpe439/hdmi_2_vga/project_1.srcs/sources_1/ip/dvi2rgb_0_2/src/EEPROM_8b.vhd:100]
WARNING: [Synth 8-312] ignoring unsynthesizable construct: assertion statement [/home/carson/poly/cpe439/hdmi_2_vga/project_1.srcs/sources_1/ip/dvi2rgb_0_2/src/EEPROM_8b.vhd:100]
WARNING: [Synth 8-312] ignoring unsynthesizable construct: assertion statement [/home/carson/poly/cpe439/hdmi_2_vga/project_1.srcs/sources_1/ip/dvi2rgb_0_2/src/EEPROM_8b.vhd:100]
WARNING: [Synth 8-312] ignoring unsynthesizable construct: assertion statement [/home/carson/poly/cpe439/hdmi_2_vga/project_1.srcs/sources_1/ip/dvi2rgb_0_2/src/EEPROM_8b.vhd:100]
WARNING: [Synth 8-312] ignoring unsynthesizable construct: assertion statement [/home/carson/poly/cpe439/hdmi_2_vga/project_1.srcs/sources_1/ip/dvi2rgb_0_2/src/EEPROM_8b.vhd:100]
WARNING: [Synth 8-312] ignoring unsynthesizable construct: assertion statement [/home/carson/poly/cpe439/hdmi_2_vga/project_1.srcs/sources_1/ip/dvi2rgb_0_2/src/EEPROM_8b.vhd:100]
WARNING: [Synth 8-312] ignoring unsynthesizable construct: assertion statement [/home/carson/poly/cpe439/hdmi_2_vga/project_1.srcs/sources_1/ip/dvi2rgb_0_2/src/EEPROM_8b.vhd:100]
WARNING: [Synth 8-312] ignoring unsynthesizable construct: assertion statement [/home/carson/poly/cpe439/hdmi_2_vga/project_1.srcs/sources_1/ip/dvi2rgb_0_2/src/EEPROM_8b.vhd:100]
WARNING: [Synth 8-312] ignoring unsynthesizable construct: assertion statement [/home/carson/poly/cpe439/hdmi_2_vga/project_1.srcs/sources_1/ip/dvi2rgb_0_2/src/EEPROM_8b.vhd:100]
WARNING: [Synth 8-312] ignoring unsynthesizable construct: assertion statement [/home/carson/poly/cpe439/hdmi_2_vga/project_1.srcs/sources_1/ip/dvi2rgb_0_2/src/EEPROM_8b.vhd:100]
WARNING: [Synth 8-312] ignoring unsynthesizable construct: assertion statement [/home/carson/poly/cpe439/hdmi_2_vga/project_1.srcs/sources_1/ip/dvi2rgb_0_2/src/EEPROM_8b.vhd:100]
WARNING: [Synth 8-312] ignoring unsynthesizable construct: assertion statement [/home/carson/poly/cpe439/hdmi_2_vga/project_1.srcs/sources_1/ip/dvi2rgb_0_2/src/EEPROM_8b.vhd:100]
WARNING: [Synth 8-312] ignoring unsynthesizable construct: assertion statement [/home/carson/poly/cpe439/hdmi_2_vga/project_1.srcs/sources_1/ip/dvi2rgb_0_2/src/EEPROM_8b.vhd:100]
WARNING: [Synth 8-312] ignoring unsynthesizable construct: assertion statement [/home/carson/poly/cpe439/hdmi_2_vga/project_1.srcs/sources_1/ip/dvi2rgb_0_2/src/EEPROM_8b.vhd:100]
WARNING: [Synth 8-312] ignoring unsynthesizable construct: assertion statement [/home/carson/poly/cpe439/hdmi_2_vga/project_1.srcs/sources_1/ip/dvi2rgb_0_2/src/EEPROM_8b.vhd:100]
WARNING: [Synth 8-312] ignoring unsynthesizable construct: assertion statement [/home/carson/poly/cpe439/hdmi_2_vga/project_1.srcs/sources_1/ip/dvi2rgb_0_2/src/EEPROM_8b.vhd:100]
WARNING: [Synth 8-312] ignoring unsynthesizable construct: assertion statement [/home/carson/poly/cpe439/hdmi_2_vga/project_1.srcs/sources_1/ip/dvi2rgb_0_2/src/EEPROM_8b.vhd:100]
WARNING: [Synth 8-312] ignoring unsynthesizable construct: assertion statement [/home/carson/poly/cpe439/hdmi_2_vga/project_1.srcs/sources_1/ip/dvi2rgb_0_2/src/EEPROM_8b.vhd:100]
WARNING: [Synth 8-312] ignoring unsynthesizable construct: assertion statement [/home/carson/poly/cpe439/hdmi_2_vga/project_1.srcs/sources_1/ip/dvi2rgb_0_2/src/EEPROM_8b.vhd:100]
WARNING: [Synth 8-312] ignoring unsynthesizable construct: assertion statement [/home/carson/poly/cpe439/hdmi_2_vga/project_1.srcs/sources_1/ip/dvi2rgb_0_2/src/EEPROM_8b.vhd:100]
WARNING: [Synth 8-312] ignoring unsynthesizable construct: assertion statement [/home/carson/poly/cpe439/hdmi_2_vga/project_1.srcs/sources_1/ip/dvi2rgb_0_2/src/EEPROM_8b.vhd:100]
WARNING: [Synth 8-312] ignoring unsynthesizable construct: assertion statement [/home/carson/poly/cpe439/hdmi_2_vga/project_1.srcs/sources_1/ip/dvi2rgb_0_2/src/EEPROM_8b.vhd:100]
WARNING: [Synth 8-312] ignoring unsynthesizable construct: assertion statement [/home/carson/poly/cpe439/hdmi_2_vga/project_1.srcs/sources_1/ip/dvi2rgb_0_2/src/EEPROM_8b.vhd:100]
WARNING: [Synth 8-312] ignoring unsynthesizable construct: assertion statement [/home/carson/poly/cpe439/hdmi_2_vga/project_1.srcs/sources_1/ip/dvi2rgb_0_2/src/EEPROM_8b.vhd:100]
WARNING: [Synth 8-312] ignoring unsynthesizable construct: assertion statement [/home/carson/poly/cpe439/hdmi_2_vga/project_1.srcs/sources_1/ip/dvi2rgb_0_2/src/EEPROM_8b.vhd:100]
WARNING: [Synth 8-312] ignoring unsynthesizable construct: assertion statement [/home/carson/poly/cpe439/hdmi_2_vga/project_1.srcs/sources_1/ip/dvi2rgb_0_2/src/EEPROM_8b.vhd:100]
WARNING: [Synth 8-312] ignoring unsynthesizable construct: assertion statement [/home/carson/poly/cpe439/hdmi_2_vga/project_1.srcs/sources_1/ip/dvi2rgb_0_2/src/EEPROM_8b.vhd:100]
WARNING: [Synth 8-312] ignoring unsynthesizable construct: assertion statement [/home/carson/poly/cpe439/hdmi_2_vga/project_1.srcs/sources_1/ip/dvi2rgb_0_2/src/EEPROM_8b.vhd:100]
WARNING: [Synth 8-312] ignoring unsynthesizable construct: assertion statement [/home/carson/poly/cpe439/hdmi_2_vga/project_1.srcs/sources_1/ip/dvi2rgb_0_2/src/EEPROM_8b.vhd:100]
WARNING: [Synth 8-312] ignoring unsynthesizable construct: assertion statement [/home/carson/poly/cpe439/hdmi_2_vga/project_1.srcs/sources_1/ip/dvi2rgb_0_2/src/EEPROM_8b.vhd:100]
WARNING: [Synth 8-312] ignoring unsynthesizable construct: assertion statement [/home/carson/poly/cpe439/hdmi_2_vga/project_1.srcs/sources_1/ip/dvi2rgb_0_2/src/EEPROM_8b.vhd:100]
WARNING: [Synth 8-312] ignoring unsynthesizable construct: assertion statement [/home/carson/poly/cpe439/hdmi_2_vga/project_1.srcs/sources_1/ip/dvi2rgb_0_2/src/EEPROM_8b.vhd:100]
WARNING: [Synth 8-312] ignoring unsynthesizable construct: assertion statement [/home/carson/poly/cpe439/hdmi_2_vga/project_1.srcs/sources_1/ip/dvi2rgb_0_2/src/EEPROM_8b.vhd:100]
WARNING: [Synth 8-312] ignoring unsynthesizable construct: assertion statement [/home/carson/poly/cpe439/hdmi_2_vga/project_1.srcs/sources_1/ip/dvi2rgb_0_2/src/EEPROM_8b.vhd:100]
WARNING: [Synth 8-312] ignoring unsynthesizable construct: assertion statement [/home/carson/poly/cpe439/hdmi_2_vga/project_1.srcs/sources_1/ip/dvi2rgb_0_2/src/EEPROM_8b.vhd:100]
WARNING: [Synth 8-312] ignoring unsynthesizable construct: assertion statement [/home/carson/poly/cpe439/hdmi_2_vga/project_1.srcs/sources_1/ip/dvi2rgb_0_2/src/EEPROM_8b.vhd:100]
WARNING: [Synth 8-312] ignoring unsynthesizable construct: assertion statement [/home/carson/poly/cpe439/hdmi_2_vga/project_1.srcs/sources_1/ip/dvi2rgb_0_2/src/EEPROM_8b.vhd:100]
WARNING: [Synth 8-312] ignoring unsynthesizable construct: assertion statement [/home/carson/poly/cpe439/hdmi_2_vga/project_1.srcs/sources_1/ip/dvi2rgb_0_2/src/EEPROM_8b.vhd:100]
WARNING: [Synth 8-312] ignoring unsynthesizable construct: assertion statement [/home/carson/poly/cpe439/hdmi_2_vga/project_1.srcs/sources_1/ip/dvi2rgb_0_2/src/EEPROM_8b.vhd:100]
WARNING: [Synth 8-312] ignoring unsynthesizable construct: assertion statement [/home/carson/poly/cpe439/hdmi_2_vga/project_1.srcs/sources_1/ip/dvi2rgb_0_2/src/EEPROM_8b.vhd:100]
WARNING: [Synth 8-312] ignoring unsynthesizable construct: assertion statement [/home/carson/poly/cpe439/hdmi_2_vga/project_1.srcs/sources_1/ip/dvi2rgb_0_2/src/EEPROM_8b.vhd:100]
WARNING: [Synth 8-312] ignoring unsynthesizable construct: assertion statement [/home/carson/poly/cpe439/hdmi_2_vga/project_1.srcs/sources_1/ip/dvi2rgb_0_2/src/EEPROM_8b.vhd:100]
WARNING: [Synth 8-312] ignoring unsynthesizable construct: assertion statement [/home/carson/poly/cpe439/hdmi_2_vga/project_1.srcs/sources_1/ip/dvi2rgb_0_2/src/EEPROM_8b.vhd:100]
WARNING: [Synth 8-312] ignoring unsynthesizable construct: assertion statement [/home/carson/poly/cpe439/hdmi_2_vga/project_1.srcs/sources_1/ip/dvi2rgb_0_2/src/EEPROM_8b.vhd:100]
WARNING: [Synth 8-312] ignoring unsynthesizable construct: assertion statement [/home/carson/poly/cpe439/hdmi_2_vga/project_1.srcs/sources_1/ip/dvi2rgb_0_2/src/EEPROM_8b.vhd:100]
WARNING: [Synth 8-312] ignoring unsynthesizable construct: assertion statement [/home/carson/poly/cpe439/hdmi_2_vga/project_1.srcs/sources_1/ip/dvi2rgb_0_2/src/EEPROM_8b.vhd:100]
WARNING: [Synth 8-312] ignoring unsynthesizable construct: assertion statement [/home/carson/poly/cpe439/hdmi_2_vga/project_1.srcs/sources_1/ip/dvi2rgb_0_2/src/EEPROM_8b.vhd:100]
WARNING: [Synth 8-312] ignoring unsynthesizable construct: assertion statement [/home/carson/poly/cpe439/hdmi_2_vga/project_1.srcs/sources_1/ip/dvi2rgb_0_2/src/EEPROM_8b.vhd:100]
WARNING: [Synth 8-312] ignoring unsynthesizable construct: assertion statement [/home/carson/poly/cpe439/hdmi_2_vga/project_1.srcs/sources_1/ip/dvi2rgb_0_2/src/EEPROM_8b.vhd:100]
WARNING: [Synth 8-312] ignoring unsynthesizable construct: assertion statement [/home/carson/poly/cpe439/hdmi_2_vga/project_1.srcs/sources_1/ip/dvi2rgb_0_2/src/EEPROM_8b.vhd:100]
WARNING: [Synth 8-312] ignoring unsynthesizable construct: assertion statement [/home/carson/poly/cpe439/hdmi_2_vga/project_1.srcs/sources_1/ip/dvi2rgb_0_2/src/EEPROM_8b.vhd:100]
WARNING: [Synth 8-312] ignoring unsynthesizable construct: assertion statement [/home/carson/poly/cpe439/hdmi_2_vga/project_1.srcs/sources_1/ip/dvi2rgb_0_2/src/EEPROM_8b.vhd:100]
WARNING: [Synth 8-312] ignoring unsynthesizable construct: assertion statement [/home/carson/poly/cpe439/hdmi_2_vga/project_1.srcs/sources_1/ip/dvi2rgb_0_2/src/EEPROM_8b.vhd:100]
WARNING: [Synth 8-312] ignoring unsynthesizable construct: assertion statement [/home/carson/poly/cpe439/hdmi_2_vga/project_1.srcs/sources_1/ip/dvi2rgb_0_2/src/EEPROM_8b.vhd:100]
WARNING: [Synth 8-312] ignoring unsynthesizable construct: assertion statement [/home/carson/poly/cpe439/hdmi_2_vga/project_1.srcs/sources_1/ip/dvi2rgb_0_2/src/EEPROM_8b.vhd:100]
WARNING: [Synth 8-312] ignoring unsynthesizable construct: assertion statement [/home/carson/poly/cpe439/hdmi_2_vga/project_1.srcs/sources_1/ip/dvi2rgb_0_2/src/EEPROM_8b.vhd:100]
WARNING: [Synth 8-312] ignoring unsynthesizable construct: assertion statement [/home/carson/poly/cpe439/hdmi_2_vga/project_1.srcs/sources_1/ip/dvi2rgb_0_2/src/EEPROM_8b.vhd:100]
WARNING: [Synth 8-312] ignoring unsynthesizable construct: assertion statement [/home/carson/poly/cpe439/hdmi_2_vga/project_1.srcs/sources_1/ip/dvi2rgb_0_2/src/EEPROM_8b.vhd:100]
WARNING: [Synth 8-312] ignoring unsynthesizable construct: assertion statement [/home/carson/poly/cpe439/hdmi_2_vga/project_1.srcs/sources_1/ip/dvi2rgb_0_2/src/EEPROM_8b.vhd:100]
WARNING: [Synth 8-312] ignoring unsynthesizable construct: assertion statement [/home/carson/poly/cpe439/hdmi_2_vga/project_1.srcs/sources_1/ip/dvi2rgb_0_2/src/EEPROM_8b.vhd:100]
WARNING: [Synth 8-312] ignoring unsynthesizable construct: assertion statement [/home/carson/poly/cpe439/hdmi_2_vga/project_1.srcs/sources_1/ip/dvi2rgb_0_2/src/EEPROM_8b.vhd:100]
WARNING: [Synth 8-312] ignoring unsynthesizable construct: assertion statement [/home/carson/poly/cpe439/hdmi_2_vga/project_1.srcs/sources_1/ip/dvi2rgb_0_2/src/EEPROM_8b.vhd:100]
WARNING: [Synth 8-312] ignoring unsynthesizable construct: assertion statement [/home/carson/poly/cpe439/hdmi_2_vga/project_1.srcs/sources_1/ip/dvi2rgb_0_2/src/EEPROM_8b.vhd:100]
WARNING: [Synth 8-312] ignoring unsynthesizable construct: assertion statement [/home/carson/poly/cpe439/hdmi_2_vga/project_1.srcs/sources_1/ip/dvi2rgb_0_2/src/EEPROM_8b.vhd:100]
WARNING: [Synth 8-312] ignoring unsynthesizable construct: assertion statement [/home/carson/poly/cpe439/hdmi_2_vga/project_1.srcs/sources_1/ip/dvi2rgb_0_2/src/EEPROM_8b.vhd:100]
WARNING: [Synth 8-312] ignoring unsynthesizable construct: assertion statement [/home/carson/poly/cpe439/hdmi_2_vga/project_1.srcs/sources_1/ip/dvi2rgb_0_2/src/EEPROM_8b.vhd:100]
WARNING: [Synth 8-312] ignoring unsynthesizable construct: assertion statement [/home/carson/poly/cpe439/hdmi_2_vga/project_1.srcs/sources_1/ip/dvi2rgb_0_2/src/EEPROM_8b.vhd:100]
WARNING: [Synth 8-312] ignoring unsynthesizable construct: assertion statement [/home/carson/poly/cpe439/hdmi_2_vga/project_1.srcs/sources_1/ip/dvi2rgb_0_2/src/EEPROM_8b.vhd:100]
WARNING: [Synth 8-312] ignoring unsynthesizable construct: assertion statement [/home/carson/poly/cpe439/hdmi_2_vga/project_1.srcs/sources_1/ip/dvi2rgb_0_2/src/EEPROM_8b.vhd:100]
WARNING: [Synth 8-312] ignoring unsynthesizable construct: assertion statement [/home/carson/poly/cpe439/hdmi_2_vga/project_1.srcs/sources_1/ip/dvi2rgb_0_2/src/EEPROM_8b.vhd:100]
WARNING: [Synth 8-312] ignoring unsynthesizable construct: assertion statement [/home/carson/poly/cpe439/hdmi_2_vga/project_1.srcs/sources_1/ip/dvi2rgb_0_2/src/EEPROM_8b.vhd:100]
WARNING: [Synth 8-312] ignoring unsynthesizable construct: assertion statement [/home/carson/poly/cpe439/hdmi_2_vga/project_1.srcs/sources_1/ip/dvi2rgb_0_2/src/EEPROM_8b.vhd:100]
WARNING: [Synth 8-312] ignoring unsynthesizable construct: assertion statement [/home/carson/poly/cpe439/hdmi_2_vga/project_1.srcs/sources_1/ip/dvi2rgb_0_2/src/EEPROM_8b.vhd:100]
INFO: [Common 17-14] Message 'Synth 8-312' appears 100 times and further instances of the messages will be disabled. Use the Tcl command set_msg_config to change the current settings.
INFO: [Synth 8-638] synthesizing module 'TWI_SlaveCtl' [/home/carson/poly/cpe439/hdmi_2_vga/project_1.srcs/sources_1/ip/dvi2rgb_0_2/src/TWI_SlaveCtl.vhd:87]
	Parameter SLAVE_ADDRESS bound to: 8'b10100000 
	Parameter kSampleClkFreqInMHz bound to: 200 - type: integer 
INFO: [Synth 8-5534] Detected attribute (* fsm_encoding = "gray" *) [/home/carson/poly/cpe439/hdmi_2_vga/project_1.srcs/sources_1/ip/dvi2rgb_0_2/src/TWI_SlaveCtl.vhd:92]
INFO: [Synth 8-638] synthesizing module 'GlitchFilter' [/home/carson/poly/cpe439/hdmi_2_vga/project_1.srcs/sources_1/ip/dvi2rgb_0_2/src/GlitchFilter.vhd:69]
	Parameter kNoOfPeriodsToFilter bound to: 10 - type: integer 
INFO: [Synth 8-256] done synthesizing module 'GlitchFilter' (9#1) [/home/carson/poly/cpe439/hdmi_2_vga/project_1.srcs/sources_1/ip/dvi2rgb_0_2/src/GlitchFilter.vhd:69]
INFO: [Synth 8-256] done synthesizing module 'TWI_SlaveCtl' (10#1) [/home/carson/poly/cpe439/hdmi_2_vga/project_1.srcs/sources_1/ip/dvi2rgb_0_2/src/TWI_SlaveCtl.vhd:87]
INFO: [Synth 8-226] default block is never used [/home/carson/poly/cpe439/hdmi_2_vga/project_1.srcs/sources_1/ip/dvi2rgb_0_2/src/EEPROM_8b.vhd:201]
INFO: [Synth 8-256] done synthesizing module 'EEPROM_8b' (11#1) [/home/carson/poly/cpe439/hdmi_2_vga/project_1.srcs/sources_1/ip/dvi2rgb_0_2/src/EEPROM_8b.vhd:85]
INFO: [Synth 8-256] done synthesizing module 'dvi2rgb' (12#1) [/home/carson/poly/cpe439/hdmi_2_vga/project_1.srcs/sources_1/ip/dvi2rgb_0_2/src/dvi2rgb.vhd:108]
INFO: [Synth 8-256] done synthesizing module 'dvi2rgb_0' (13#1) [/home/carson/poly/cpe439/hdmi_2_vga/project_1.srcs/sources_1/ip/dvi2rgb_0_2/synth/dvi2rgb_0.vhd:80]
---------------------------------------------------------------------------------
Finished RTL Elaboration : Time (s): cpu = 00:00:07 ; elapsed = 00:00:07 . Memory (MB): peak = 1025.254 ; gain = 184.293 ; free physical = 1001 ; free virtual = 3731
---------------------------------------------------------------------------------

Report Check Netlist: 
+------+------------------+-------+---------+-------+------------------+
|      |Item              |Errors |Warnings |Status |Description       |
+------+------------------+-------+---------+-------+------------------+
|1     |multi_driven_nets |      0|        0|Passed |Multi driven nets |
+------+------------------+-------+---------+-------+------------------+
---------------------------------------------------------------------------------
Finished RTL Optimization Phase 1 : Time (s): cpu = 00:00:07 ; elapsed = 00:00:07 . Memory (MB): peak = 1025.254 ; gain = 184.293 ; free physical = 1001 ; free virtual = 3731
---------------------------------------------------------------------------------
INFO: [Netlist 29-17] Analyzing 15 Unisim elements for replacement
INFO: [Netlist 29-28] Unisim Transformation completed in 0 CPU seconds
INFO: [Device 21-403] Loading part xc7z010clg400-1
INFO: [Project 1-570] Preparing netlist for logic optimization

Processing XDC Constraints
Initializing timing engine
Parsing XDC File [/home/carson/poly/cpe439/hdmi_2_vga/project_1.srcs/sources_1/ip/dvi2rgb_0_2/src/dvi2rgb_ooc.xdc] for cell 'U0'
Finished Parsing XDC File [/home/carson/poly/cpe439/hdmi_2_vga/project_1.srcs/sources_1/ip/dvi2rgb_0_2/src/dvi2rgb_ooc.xdc] for cell 'U0'
Parsing XDC File [/home/carson/poly/cpe439/hdmi_2_vga/project_1.srcs/sources_1/ip/dvi2rgb_0_2/src/dvi2rgb.xdc] for cell 'U0'
Finished Parsing XDC File [/home/carson/poly/cpe439/hdmi_2_vga/project_1.srcs/sources_1/ip/dvi2rgb_0_2/src/dvi2rgb.xdc] for cell 'U0'
Parsing XDC File [/home/carson/poly/cpe439/hdmi_2_vga/project_1.runs/dvi2rgb_0_synth_1/dont_touch.xdc]
Finished Parsing XDC File [/home/carson/poly/cpe439/hdmi_2_vga/project_1.runs/dvi2rgb_0_synth_1/dont_touch.xdc]
Completed Processing XDC Constraints

INFO: [Project 1-111] Unisim Transformation Summary:
No Unisim elements were transformed.

Constraint Validation Runtime : Time (s): cpu = 00:00:00.08 ; elapsed = 00:00:00.07 . Memory (MB): peak = 1317.770 ; gain = 3.172 ; free physical = 837 ; free virtual = 3568
INFO: Launching helper process for spawning children vivado processes
INFO: Helper process launched with PID 44593 
---------------------------------------------------------------------------------
Finished Constraint Validation : Time (s): cpu = 00:00:14 ; elapsed = 00:00:15 . Memory (MB): peak = 1317.770 ; gain = 476.809 ; free physical = 835 ; free virtual = 3566
---------------------------------------------------------------------------------
---------------------------------------------------------------------------------
Start Loading Part and Timing Information
---------------------------------------------------------------------------------
Loading part: xc7z010clg400-1
---------------------------------------------------------------------------------
Finished Loading Part and Timing Information : Time (s): cpu = 00:00:14 ; elapsed = 00:00:15 . Memory (MB): peak = 1317.770 ; gain = 476.809 ; free physical = 835 ; free virtual = 3566
---------------------------------------------------------------------------------
---------------------------------------------------------------------------------
Start Applying 'set_property' XDC Constraints
---------------------------------------------------------------------------------
Applied set_property DONT_TOUCH = true for U0. (constraint file  auto generated constraint, line ).
---------------------------------------------------------------------------------
Finished applying 'set_property' XDC Constraints : Time (s): cpu = 00:00:14 ; elapsed = 00:00:15 . Memory (MB): peak = 1317.770 ; gain = 476.809 ; free physical = 835 ; free virtual = 3566
---------------------------------------------------------------------------------
INFO: [Synth 8-3898] No Re-encoding of one hot register 'pState_reg' in module 'PhaseAlign'
INFO: [Synth 8-5546] ROM "pCtlTknRst" won't be mapped to RAM because it is too sparse
INFO: [Synth 8-5546] ROM "pCtlTknOvf" won't be mapped to RAM because it is too sparse
INFO: [Synth 8-5546] ROM "pEyeOpenEn" won't be mapped to RAM because it is too sparse
INFO: [Synth 8-5546] ROM "pDelayOvf" won't be mapped to RAM because it is too sparse
INFO: [Synth 8-5544] ROM "pDelayWaitOvf" won't be mapped to Block RAM because address size (2) smaller than threshold (5)
INFO: [Synth 8-5546] ROM "pIDLY_LD" won't be mapped to RAM because it is too sparse
INFO: [Synth 8-5546] ROM "pIDLY_INC" won't be mapped to RAM because it is too sparse
INFO: [Synth 8-5546] ROM "pIDLY_INC" won't be mapped to RAM because it is too sparse
INFO: [Synth 8-5546] ROM "pAligned" won't be mapped to RAM because it is too sparse
INFO: [Synth 8-5546] ROM "pError" won't be mapped to RAM because it is too sparse
INFO: [Synth 8-5546] ROM "pFoundJtrFlag" won't be mapped to RAM because it is too sparse
INFO: [Synth 8-5546] ROM "pTkn3Flag" won't be mapped to RAM because it is too sparse
INFO: [Synth 8-5546] ROM "pTkn2Flag" won't be mapped to RAM because it is too sparse
INFO: [Synth 8-5546] ROM "pTkn1Flag" won't be mapped to RAM because it is too sparse
INFO: [Synth 8-5546] ROM "pTkn0Flag" won't be mapped to RAM because it is too sparse
INFO: [Synth 8-5544] ROM "pAlignRst" won't be mapped to Block RAM because address size (2) smaller than threshold (5)
INFO: [Synth 8-5546] ROM "pC0" won't be mapped to RAM because it is too sparse
INFO: [Synth 8-5546] ROM "pVde" won't be mapped to RAM because it is too sparse
INFO: [Synth 8-5544] ROM "sOut" won't be mapped to Block RAM because address size (4) smaller than threshold (5)
INFO: [Synth 8-802] inferred FSM for state register 'state_reg' in module 'TWI_SlaveCtl'
INFO: [Synth 8-5544] ROM "shiftBitOut" won't be mapped to Block RAM because address size (3) smaller than threshold (5)
INFO: [Synth 8-5546] ROM "nstate" won't be mapped to RAM because it is too sparse
INFO: [Synth 8-5544] ROM "nstate" won't be mapped to Block RAM because address size (1) smaller than threshold (5)
INFO: [Synth 8-5544] ROM "nstate" won't be mapped to Block RAM because address size (1) smaller than threshold (5)
INFO: [Synth 8-5544] ROM "nstate" won't be mapped to Block RAM because address size (1) smaller than threshold (5)
INFO: [Synth 8-5544] ROM "nstate" won't be mapped to Block RAM because address size (1) smaller than threshold (5)
INFO: [Synth 8-5544] ROM "nstate" won't be mapped to Block RAM because address size (1) smaller than threshold (5)
INFO: [Synth 8-5546] ROM "eeprom" won't be mapped to RAM because it is too sparse
---------------------------------------------------------------------------------------------------
                   State |                     New Encoding |                Previous Encoding 
---------------------------------------------------------------------------------------------------
                  stidle |                              000 |                              000
               staddress |                              001 |                              001
            stturnaround |                              011 |                              110
                  stsack |                              010 |                              100
                  stread |                              111 |                              010
                  stmack |                              100 |                              101
                 stwrite |                              110 |                              011
---------------------------------------------------------------------------------------------------
INFO: [Synth 8-3354] encoded FSM with state register 'state_reg' using encoding 'gray' in module 'TWI_SlaveCtl'
---------------------------------------------------------------------------------
Finished RTL Optimization Phase 2 : Time (s): cpu = 00:00:15 ; elapsed = 00:00:16 . Memory (MB): peak = 1317.770 ; gain = 476.809 ; free physical = 820 ; free virtual = 3550
---------------------------------------------------------------------------------

Report RTL Partitions: 
+-+--------------+------------+----------+
| |RTL Partition |Replication |Instances |
+-+--------------+------------+----------+
+-+--------------+------------+----------+
---------------------------------------------------------------------------------
Start RTL Component Statistics 
---------------------------------------------------------------------------------
Detailed RTL Component Info : 
+---Adders : 
	   2 Input      7 Bit       Adders := 4     
	   2 Input      6 Bit       Adders := 3     
	   2 Input      5 Bit       Adders := 13    
	   2 Input      4 Bit       Adders := 2     
	   2 Input      3 Bit       Adders := 1     
	   2 Input      2 Bit       Adders := 6     
+---XORs : 
	   2 Input      1 Bit         XORs := 42    
+---Registers : 
	               11 Bit    Registers := 3     
	               10 Bit    Registers := 6     
	                8 Bit    Registers := 5     
	                7 Bit    Registers := 4     
	                6 Bit    Registers := 3     
	                5 Bit    Registers := 13    
	                4 Bit    Registers := 2     
	                3 Bit    Registers := 1     
	                2 Bit    Registers := 21    
	                1 Bit    Registers := 102   
+---RAMs : 
	              320 Bit         RAMs := 3     
+---Muxes : 
	   2 Input     11 Bit        Muxes := 3     
	  12 Input     11 Bit        Muxes := 3     
	   2 Input     10 Bit        Muxes := 3     
	   2 Input      8 Bit        Muxes := 7     
	   5 Input      8 Bit        Muxes := 3     
	 129 Input      8 Bit        Muxes := 1     
	   2 Input      7 Bit        Muxes := 1     
	   2 Input      6 Bit        Muxes := 3     
	   2 Input      5 Bit        Muxes := 3     
	   2 Input      4 Bit        Muxes := 3     
	  22 Input      3 Bit        Muxes := 1     
	   2 Input      2 Bit        Muxes := 3     
	   4 Input      2 Bit        Muxes := 1     
	   2 Input      1 Bit        Muxes := 102   
	  12 Input      1 Bit        Muxes := 3     
	   4 Input      1 Bit        Muxes := 10    
	   5 Input      1 Bit        Muxes := 6     
	   3 Input      1 Bit        Muxes := 3     
	   7 Input      1 Bit        Muxes := 1     
---------------------------------------------------------------------------------
Finished RTL Component Statistics 
---------------------------------------------------------------------------------
---------------------------------------------------------------------------------
Start RTL Hierarchical Component Statistics 
---------------------------------------------------------------------------------
Hierarchical RTL Component report 
Module SyncAsync 
Detailed RTL Component Info : 
+---Registers : 
	                2 Bit    Registers := 1     
Module SyncAsync__parameterized0 
Detailed RTL Component Info : 
+---Registers : 
	                2 Bit    Registers := 1     
Module TMDS_Clocking 
Detailed RTL Component Info : 
+---Adders : 
	   2 Input      5 Bit       Adders := 1     
+---Registers : 
	                5 Bit    Registers := 1     
	                2 Bit    Registers := 2     
	                1 Bit    Registers := 4     
+---Muxes : 
	   2 Input      2 Bit        Muxes := 1     
Module SyncAsync__parameterized1 
Detailed RTL Component Info : 
+---Registers : 
	                2 Bit    Registers := 1     
Module SyncBase 
Detailed RTL Component Info : 
+---Registers : 
	                1 Bit    Registers := 1     
Module SyncBase__parameterized0 
Detailed RTL Component Info : 
+---Registers : 
	                1 Bit    Registers := 1     
Module PhaseAlign 
Detailed RTL Component Info : 
+---Adders : 
	   2 Input      7 Bit       Adders := 1     
	   2 Input      6 Bit       Adders := 1     
	   2 Input      5 Bit       Adders := 1     
	   2 Input      2 Bit       Adders := 1     
+---Registers : 
	               11 Bit    Registers := 1     
	               10 Bit    Registers := 1     
	                7 Bit    Registers := 1     
	                6 Bit    Registers := 1     
	                5 Bit    Registers := 2     
	                2 Bit    Registers := 1     
	                1 Bit    Registers := 14    
+---Muxes : 
	   2 Input     11 Bit        Muxes := 1     
	  12 Input     11 Bit        Muxes := 1     
	   2 Input     10 Bit        Muxes := 1     
	   2 Input      8 Bit        Muxes := 1     
	   2 Input      6 Bit        Muxes := 1     
	   2 Input      5 Bit        Muxes := 1     
	   2 Input      4 Bit        Muxes := 1     
	   2 Input      1 Bit        Muxes := 21    
	  12 Input      1 Bit        Muxes := 1     
	   4 Input      1 Bit        Muxes := 3     
Module ChannelBond 
Detailed RTL Component Info : 
+---Adders : 
	   2 Input      5 Bit       Adders := 3     
+---Registers : 
	               10 Bit    Registers := 1     
	                5 Bit    Registers := 2     
	                1 Bit    Registers := 7     
+---RAMs : 
	              320 Bit         RAMs := 1     
+---Muxes : 
	   2 Input      1 Bit        Muxes := 1     
Module TMDS_Decoder 
Detailed RTL Component Info : 
+---Adders : 
	   2 Input      2 Bit       Adders := 1     
+---XORs : 
	   2 Input      1 Bit         XORs := 14    
+---Registers : 
	                8 Bit    Registers := 1     
	                2 Bit    Registers := 1     
	                1 Bit    Registers := 6     
+---Muxes : 
	   2 Input      8 Bit        Muxes := 1     
	   5 Input      8 Bit        Muxes := 1     
	   2 Input      1 Bit        Muxes := 7     
	   5 Input      1 Bit        Muxes := 2     
	   3 Input      1 Bit        Muxes := 1     
Module GlitchFilter 
Detailed RTL Component Info : 
+---Adders : 
	   2 Input      4 Bit       Adders := 1     
+---Registers : 
	                4 Bit    Registers := 1     
	                1 Bit    Registers := 2     
+---Muxes : 
	   2 Input      1 Bit        Muxes := 1     
Module TWI_SlaveCtl 
Detailed RTL Component Info : 
+---Adders : 
	   2 Input      3 Bit       Adders := 1     
+---Registers : 
	                8 Bit    Registers := 1     
	                3 Bit    Registers := 1     
	                1 Bit    Registers := 7     
+---Muxes : 
	   2 Input      8 Bit        Muxes := 1     
	  22 Input      3 Bit        Muxes := 1     
	   2 Input      1 Bit        Muxes := 11    
	   7 Input      1 Bit        Muxes := 1     
Module EEPROM_8b 
Detailed RTL Component Info : 
+---Adders : 
	   2 Input      7 Bit       Adders := 1     
+---Registers : 
	                8 Bit    Registers := 1     
	                7 Bit    Registers := 1     
	                2 Bit    Registers := 1     
+---Muxes : 
	 129 Input      8 Bit        Muxes := 1     
	   2 Input      7 Bit        Muxes := 1     
	   4 Input      2 Bit        Muxes := 1     
	   2 Input      2 Bit        Muxes := 2     
	   4 Input      1 Bit        Muxes := 1     
	   2 Input      1 Bit        Muxes := 2     
---------------------------------------------------------------------------------
Finished RTL Hierarchical Component Statistics
---------------------------------------------------------------------------------
---------------------------------------------------------------------------------
Start Part Resource Summary
---------------------------------------------------------------------------------
Part Resources:
DSPs: 80 (col length:40)
BRAMs: 120 (col length: RAMB18 40 RAMB36 20)
---------------------------------------------------------------------------------
Finished Part Resource Summary
---------------------------------------------------------------------------------
Start Parallel Synthesis Optimization  : Time (s): cpu = 00:00:15 ; elapsed = 00:00:16 . Memory (MB): peak = 1317.777 ; gain = 476.816 ; free physical = 819 ; free virtual = 3550
---------------------------------------------------------------------------------
Start Cross Boundary Optimization
---------------------------------------------------------------------------------
INFO: [Synth 8-5546] ROM "DataDecoders[2].DecoderX/PhaseAlignX/pTkn1Flag" won't be mapped to RAM because it is too sparse
INFO: [Synth 8-5546] ROM "DataDecoders[2].DecoderX/PhaseAlignX/pTkn2Flag" won't be mapped to RAM because it is too sparse
INFO: [Synth 8-5546] ROM "DataDecoders[2].DecoderX/PhaseAlignX/pTkn3Flag" won't be mapped to RAM because it is too sparse
INFO: [Synth 8-5546] ROM "DataDecoders[2].DecoderX/PhaseAlignX/pTkn0Flag" won't be mapped to RAM because it is too sparse
INFO: [Synth 8-5546] ROM "DataDecoders[2].DecoderX/PhaseAlignX/pCtlTknRst" won't be mapped to RAM because it is too sparse
INFO: [Synth 8-5546] ROM "DataDecoders[2].DecoderX/PhaseAlignX/pCtlTknOvf" won't be mapped to RAM because it is too sparse
INFO: [Synth 8-5546] ROM "DataDecoders[2].DecoderX/PhaseAlignX/pEyeOpenEn" won't be mapped to RAM because it is too sparse
INFO: [Synth 8-5546] ROM "DataDecoders[2].DecoderX/PhaseAlignX/pIDLY_INC" won't be mapped to RAM because it is too sparse
INFO: [Synth 8-5546] ROM "DataDecoders[2].DecoderX/PhaseAlignX/pIDLY_INC" won't be mapped to RAM because it is too sparse
INFO: [Synth 8-5546] ROM "DataDecoders[2].DecoderX/PhaseAlignX/pIDLY_LD" won't be mapped to RAM because it is too sparse
INFO: [Synth 8-5546] ROM "DataDecoders[2].DecoderX/PhaseAlignX/pAligned" won't be mapped to RAM because it is too sparse
INFO: [Synth 8-5546] ROM "DataDecoders[2].DecoderX/PhaseAlignX/pError" won't be mapped to RAM because it is too sparse
INFO: [Synth 8-5546] ROM "DataDecoders[1].DecoderX/PhaseAlignX/pTkn1Flag" won't be mapped to RAM because it is too sparse
INFO: [Synth 8-5546] ROM "DataDecoders[1].DecoderX/PhaseAlignX/pTkn2Flag" won't be mapped to RAM because it is too sparse
INFO: [Synth 8-5546] ROM "DataDecoders[1].DecoderX/PhaseAlignX/pTkn3Flag" won't be mapped to RAM because it is too sparse
INFO: [Synth 8-5546] ROM "DataDecoders[1].DecoderX/PhaseAlignX/pTkn0Flag" won't be mapped to RAM because it is too sparse
INFO: [Synth 8-5546] ROM "DataDecoders[1].DecoderX/PhaseAlignX/pCtlTknRst" won't be mapped to RAM because it is too sparse
INFO: [Synth 8-5546] ROM "DataDecoders[1].DecoderX/PhaseAlignX/pCtlTknOvf" won't be mapped to RAM because it is too sparse
INFO: [Synth 8-5546] ROM "DataDecoders[1].DecoderX/PhaseAlignX/pEyeOpenEn" won't be mapped to RAM because it is too sparse
INFO: [Synth 8-5546] ROM "DataDecoders[1].DecoderX/PhaseAlignX/pIDLY_INC" won't be mapped to RAM because it is too sparse
INFO: [Synth 8-5546] ROM "DataDecoders[1].DecoderX/PhaseAlignX/pIDLY_INC" won't be mapped to RAM because it is too sparse
INFO: [Synth 8-5546] ROM "DataDecoders[1].DecoderX/PhaseAlignX/pIDLY_LD" won't be mapped to RAM because it is too sparse
INFO: [Synth 8-5546] ROM "DataDecoders[1].DecoderX/PhaseAlignX/pAligned" won't be mapped to RAM because it is too sparse
INFO: [Synth 8-5546] ROM "DataDecoders[1].DecoderX/PhaseAlignX/pError" won't be mapped to RAM because it is too sparse
INFO: [Synth 8-5546] ROM "DataDecoders[0].DecoderX/PhaseAlignX/pTkn1Flag" won't be mapped to RAM because it is too sparse
INFO: [Synth 8-5546] ROM "DataDecoders[0].DecoderX/PhaseAlignX/pTkn2Flag" won't be mapped to RAM because it is too sparse
INFO: [Synth 8-5546] ROM "DataDecoders[0].DecoderX/PhaseAlignX/pTkn3Flag" won't be mapped to RAM because it is too sparse
INFO: [Synth 8-5546] ROM "DataDecoders[0].DecoderX/PhaseAlignX/pTkn0Flag" won't be mapped to RAM because it is too sparse
INFO: [Synth 8-5546] ROM "DataDecoders[0].DecoderX/PhaseAlignX/pCtlTknRst" won't be mapped to RAM because it is too sparse
INFO: [Synth 8-5546] ROM "DataDecoders[0].DecoderX/PhaseAlignX/pCtlTknOvf" won't be mapped to RAM because it is too sparse
INFO: [Synth 8-5546] ROM "DataDecoders[0].DecoderX/PhaseAlignX/pEyeOpenEn" won't be mapped to RAM because it is too sparse
INFO: [Synth 8-5546] ROM "DataDecoders[0].DecoderX/PhaseAlignX/pIDLY_INC" won't be mapped to RAM because it is too sparse
INFO: [Synth 8-5546] ROM "DataDecoders[0].DecoderX/PhaseAlignX/pIDLY_INC" won't be mapped to RAM because it is too sparse
INFO: [Synth 8-5546] ROM "DataDecoders[0].DecoderX/PhaseAlignX/pIDLY_LD" won't be mapped to RAM because it is too sparse
INFO: [Synth 8-5546] ROM "DataDecoders[0].DecoderX/PhaseAlignX/pAligned" won't be mapped to RAM because it is too sparse
INFO: [Synth 8-5546] ROM "DataDecoders[0].DecoderX/PhaseAlignX/pError" won't be mapped to RAM because it is too sparse
INFO: [Synth 8-5546] ROM "DataDecoders[0].DecoderX/pC0" won't be mapped to RAM because it is too sparse
INFO: [Synth 8-5546] ROM "DataDecoders[0].DecoderX/pVde" won't be mapped to RAM because it is too sparse
---------------------------------------------------------------------------------
Finished Cross Boundary Optimization : Time (s): cpu = 00:00:16 ; elapsed = 00:00:17 . Memory (MB): peak = 1317.777 ; gain = 476.816 ; free physical = 823 ; free virtual = 3554
---------------------------------------------------------------------------------
Finished Parallel Reinference  : Time (s): cpu = 00:00:16 ; elapsed = 00:00:17 . Memory (MB): peak = 1317.777 ; gain = 476.816 ; free physical = 823 ; free virtual = 3554

Report RTL Partitions: 
+-+--------------+------------+----------+
| |RTL Partition |Replication |Instances |
+-+--------------+------------+----------+
+-+--------------+------------+----------+
---------------------------------------------------------------------------------
Start ROM, RAM, DSP and Shift Register Reporting
---------------------------------------------------------------------------------

Distributed RAM: 
+------------+-------------------------------------------------+-----------+----------------------+--------------+--------------------------+
|Module Name | RTL Object                                      | Inference | Size (Depth x Width) | Primitives   | Hierarchical Name        | 
+------------+-------------------------------------------------+-----------+----------------------+--------------+--------------------------+
|dvi2rgb_0   | DataDecoders[2].DecoderX/ChannelBondX/pFIFO_reg | Implied   | 32 x 10              | RAM32M x 2   | dvi2rgb_0/dvi2rgb/ram__3 | 
|dvi2rgb_0   | DataDecoders[1].DecoderX/ChannelBondX/pFIFO_reg | Implied   | 32 x 10              | RAM32M x 2   | dvi2rgb_0/dvi2rgb/ram__4 | 
|dvi2rgb_0   | DataDecoders[0].DecoderX/ChannelBondX/pFIFO_reg | Implied   | 32 x 10              | RAM32M x 2   | dvi2rgb_0/dvi2rgb/ram__5 | 
+------------+-------------------------------------------------+-----------+----------------------+--------------+--------------------------+

Note: The table above shows the Distributed RAMs at the current stage of the synthesis flow. Some Distributed RAMs may be reimplemented as non Distributed RAM primitives later in the synthesis flow. Multiple instantiated RAMs are reported only once. "Hierarchical Name" reflects the Distributed RAM name as it appears in the hierarchical module and only part of it is displayed.
---------------------------------------------------------------------------------
Finished ROM, RAM, DSP and Shift Register Reporting
---------------------------------------------------------------------------------
---------------------------------------------------------------------------------
Start Area Optimization
---------------------------------------------------------------------------------
---------------------------------------------------------------------------------
Finished Area Optimization : Time (s): cpu = 00:00:18 ; elapsed = 00:00:19 . Memory (MB): peak = 1317.777 ; gain = 476.816 ; free physical = 808 ; free virtual = 3538
---------------------------------------------------------------------------------
Finished Parallel Area Optimization  : Time (s): cpu = 00:00:18 ; elapsed = 00:00:19 . Memory (MB): peak = 1317.777 ; gain = 476.816 ; free physical = 808 ; free virtual = 3538

Report RTL Partitions: 
+-+--------------+------------+----------+
| |RTL Partition |Replication |Instances |
+-+--------------+------------+----------+
+-+--------------+------------+----------+
---------------------------------------------------------------------------------
Start Timing Optimization
---------------------------------------------------------------------------------
---------------------------------------------------------------------------------
Start Applying XDC Timing Constraints
---------------------------------------------------------------------------------
---------------------------------------------------------------------------------
Finished Applying XDC Timing Constraints : Time (s): cpu = 00:00:25 ; elapsed = 00:00:27 . Memory (MB): peak = 1317.777 ; gain = 476.816 ; free physical = 747 ; free virtual = 3478
---------------------------------------------------------------------------------
---------------------------------------------------------------------------------
Finished Timing Optimization : Time (s): cpu = 00:00:25 ; elapsed = 00:00:27 . Memory (MB): peak = 1317.777 ; gain = 476.816 ; free physical = 747 ; free virtual = 3478
---------------------------------------------------------------------------------

Report RTL Partitions: 
+-+--------------+------------+----------+
| |RTL Partition |Replication |Instances |
+-+--------------+------------+----------+
+-+--------------+------------+----------+
---------------------------------------------------------------------------------
Start Technology Mapping
---------------------------------------------------------------------------------
---------------------------------------------------------------------------------
Finished Technology Mapping : Time (s): cpu = 00:00:26 ; elapsed = 00:00:27 . Memory (MB): peak = 1341.793 ; gain = 500.832 ; free physical = 722 ; free virtual = 3453
---------------------------------------------------------------------------------
Finished Parallel Technology Mapping Optimization  : Time (s): cpu = 00:00:26 ; elapsed = 00:00:27 . Memory (MB): peak = 1341.793 ; gain = 500.832 ; free physical = 722 ; free virtual = 3453

Report RTL Partitions: 
+-+--------------+------------+----------+
| |RTL Partition |Replication |Instances |
+-+--------------+------------+----------+
+-+--------------+------------+----------+
Finished Parallel Synthesis Optimization  : Time (s): cpu = 00:00:26 ; elapsed = 00:00:27 . Memory (MB): peak = 1341.793 ; gain = 500.832 ; free physical = 722 ; free virtual = 3453
---------------------------------------------------------------------------------
Start IO Insertion
---------------------------------------------------------------------------------
---------------------------------------------------------------------------------
Start Flattening Before IO Insertion
---------------------------------------------------------------------------------
---------------------------------------------------------------------------------
Finished Flattening Before IO Insertion
---------------------------------------------------------------------------------
---------------------------------------------------------------------------------
Start Final Netlist Cleanup
---------------------------------------------------------------------------------
---------------------------------------------------------------------------------
Finished Final Netlist Cleanup
---------------------------------------------------------------------------------
---------------------------------------------------------------------------------
Finished IO Insertion : Time (s): cpu = 00:00:26 ; elapsed = 00:00:27 . Memory (MB): peak = 1341.793 ; gain = 500.832 ; free physical = 722 ; free virtual = 3453
---------------------------------------------------------------------------------

Report Check Netlist: 
+------+------------------+-------+---------+-------+------------------+
|      |Item              |Errors |Warnings |Status |Description       |
+------+------------------+-------+---------+-------+------------------+
|1     |multi_driven_nets |      0|        0|Passed |Multi driven nets |
+------+------------------+-------+---------+-------+------------------+
---------------------------------------------------------------------------------
Start Renaming Generated Instances
---------------------------------------------------------------------------------
---------------------------------------------------------------------------------
Finished Renaming Generated Instances : Time (s): cpu = 00:00:26 ; elapsed = 00:00:27 . Memory (MB): peak = 1341.793 ; gain = 500.832 ; free physical = 722 ; free virtual = 3453
---------------------------------------------------------------------------------

Report RTL Partitions: 
+-+--------------+------------+----------+
| |RTL Partition |Replication |Instances |
+-+--------------+------------+----------+
+-+--------------+------------+----------+
---------------------------------------------------------------------------------
Start Rebuilding User Hierarchy
---------------------------------------------------------------------------------
---------------------------------------------------------------------------------
Finished Rebuilding User Hierarchy : Time (s): cpu = 00:00:26 ; elapsed = 00:00:27 . Memory (MB): peak = 1341.793 ; gain = 500.832 ; free physical = 722 ; free virtual = 3453
---------------------------------------------------------------------------------
---------------------------------------------------------------------------------
Start Renaming Generated Ports
---------------------------------------------------------------------------------
---------------------------------------------------------------------------------
Finished Renaming Generated Ports : Time (s): cpu = 00:00:26 ; elapsed = 00:00:27 . Memory (MB): peak = 1341.793 ; gain = 500.832 ; free physical = 722 ; free virtual = 3453
---------------------------------------------------------------------------------
---------------------------------------------------------------------------------
Start Handling Custom Attributes
---------------------------------------------------------------------------------
---------------------------------------------------------------------------------
Finished Handling Custom Attributes : Time (s): cpu = 00:00:26 ; elapsed = 00:00:28 . Memory (MB): peak = 1341.793 ; gain = 500.832 ; free physical = 722 ; free virtual = 3453
---------------------------------------------------------------------------------
---------------------------------------------------------------------------------
Start Renaming Generated Nets
---------------------------------------------------------------------------------
---------------------------------------------------------------------------------
Finished Renaming Generated Nets : Time (s): cpu = 00:00:26 ; elapsed = 00:00:28 . Memory (MB): peak = 1341.793 ; gain = 500.832 ; free physical = 722 ; free virtual = 3453
---------------------------------------------------------------------------------
---------------------------------------------------------------------------------
Start Writing Synthesis Report
---------------------------------------------------------------------------------

Report BlackBoxes: 
+-+--------------+----------+
| |BlackBox name |Instances |
+-+--------------+----------+
+-+--------------+----------+

Report Cell Usage: 
+------+------------+------+
|      |Cell        |Count |
+------+------------+------+
|1     |BUFIO       |     1|
|2     |BUFR        |     1|
|3     |CARRY4      |    18|
|4     |IDELAYCTRL  |     1|
|5     |IDELAYE2    |     3|
|6     |ISERDESE2   |     3|
|7     |ISERDESE2_1 |     3|
|8     |LUT1        |    88|
|9     |LUT2        |    60|
|10    |LUT3        |    83|
|11    |LUT4        |    84|
|12    |LUT5        |    80|
|13    |LUT6        |   148|
|14    |MMCME2_ADV  |     1|
|15    |MUXF7       |     9|
|16    |RAM32M      |     6|
|17    |FDCE        |    10|
|18    |FDPE        |    20|
|19    |FDRE        |   445|
|20    |FDSE        |    12|
|21    |IBUFDS      |     4|
+------+------------+------+

Report Instance Areas: 
+------+-------------------------------+-----------------------------+------+
|      |Instance                       |Module                       |Cells |
+------+-------------------------------+-----------------------------+------+
|1     |top                            |                             |  1080|
|2     |  U0                           |dvi2rgb                      |  1080|
|3     |    \DataDecoders[0].DecoderX  |TMDS_Decoder                 |   300|
|4     |      ChannelBondX             |ChannelBond_17               |    71|
|5     |      InputSERDES_X            |InputSERDES_18               |     4|
|6     |      PhaseAlignX              |PhaseAlign_19                |   140|
|7     |      SyncBaseOvf              |SyncBase_20                  |     8|
|8     |        SyncAsyncx             |SyncAsync__parameterized1_23 |     2|
|9     |      SyncBaseRst              |SyncBase__parameterized0_21  |     3|
|10    |        SyncAsyncx             |SyncAsync_22                 |     2|
|11    |    \DataDecoders[1].DecoderX  |TMDS_Decoder_0               |   292|
|12    |      ChannelBondX             |ChannelBond_10               |    66|
|13    |      InputSERDES_X            |InputSERDES_11               |     4|
|14    |      PhaseAlignX              |PhaseAlign_12                |   140|
|15    |      SyncBaseOvf              |SyncBase_13                  |     8|
|16    |        SyncAsyncx             |SyncAsync__parameterized1_16 |     2|
|17    |      SyncBaseRst              |SyncBase__parameterized0_14  |     3|
|18    |        SyncAsyncx             |SyncAsync_15                 |     2|
|19    |    \DataDecoders[2].DecoderX  |TMDS_Decoder_1               |   291|
|20    |      ChannelBondX             |ChannelBond                  |    66|
|21    |      InputSERDES_X            |InputSERDES                  |     4|
|22    |      PhaseAlignX              |PhaseAlign                   |   139|
|23    |      SyncBaseOvf              |SyncBase                     |     8|
|24    |        SyncAsyncx             |SyncAsync__parameterized1    |     2|
|25    |      SyncBaseRst              |SyncBase__parameterized0     |     3|
|26    |        SyncAsyncx             |SyncAsync_9                  |     2|
|27    |    \GenerateDDC.DDC_EEPROM    |EEPROM_8b                    |   157|
|28    |      I2C_SlaveController      |TWI_SlaveCtl                 |   104|
|29    |        GlitchF_SCL            |GlitchFilter                 |    12|
|30    |        GlitchF_SDA            |GlitchFilter_6               |    12|
|31    |        SyncSCL                |SyncAsync_7                  |     3|
|32    |        SyncSDA                |SyncAsync_8                  |     3|
|33    |    LockLostReset              |ResetBridge                  |     2|
|34    |      SyncAsyncx               |SyncAsync_5                  |     2|
|35    |    TMDS_ClockingX             |TMDS_Clocking                |    37|
|36    |      LockLostReset            |ResetBridge_2                |     3|
|37    |        SyncAsyncx             |SyncAsync_4                  |     2|
|38    |      MMCM_LockSync            |SyncAsync__parameterized0    |     4|
|39    |      RdyLostReset             |ResetBridge_3                |     3|
|40    |        SyncAsyncx             |SyncAsync                    |     2|
+------+-------------------------------+-----------------------------+------+
---------------------------------------------------------------------------------
Finished Writing Synthesis Report : Time (s): cpu = 00:00:26 ; elapsed = 00:00:28 . Memory (MB): peak = 1341.793 ; gain = 500.832 ; free physical = 722 ; free virtual = 3453
---------------------------------------------------------------------------------
Synthesis finished with 0 errors, 0 critical warnings and 0 warnings.
Synthesis Optimization Runtime : Time (s): cpu = 00:00:21 ; elapsed = 00:00:22 . Memory (MB): peak = 1341.793 ; gain = 116.398 ; free physical = 722 ; free virtual = 3453
Synthesis Optimization Complete : Time (s): cpu = 00:00:26 ; elapsed = 00:00:28 . Memory (MB): peak = 1341.793 ; gain = 500.832 ; free physical = 722 ; free virtual = 3453
INFO: [Project 1-571] Translating synthesized netlist
INFO: [Netlist 29-17] Analyzing 39 Unisim elements for replacement
INFO: [Netlist 29-28] Unisim Transformation completed in 0 CPU seconds
INFO: [Project 1-570] Preparing netlist for logic optimization
Parsing XDC File [/home/carson/poly/cpe439/hdmi_2_vga/project_1.srcs/sources_1/ip/dvi2rgb_0_2/src/dvi2rgb_ooc.xdc] for cell 'U0'
Finished Parsing XDC File [/home/carson/poly/cpe439/hdmi_2_vga/project_1.srcs/sources_1/ip/dvi2rgb_0_2/src/dvi2rgb_ooc.xdc] for cell 'U0'
Parsing XDC File [/home/carson/poly/cpe439/hdmi_2_vga/project_1.srcs/sources_1/ip/dvi2rgb_0_2/src/dvi2rgb.xdc] for cell 'U0'
Finished Parsing XDC File [/home/carson/poly/cpe439/hdmi_2_vga/project_1.srcs/sources_1/ip/dvi2rgb_0_2/src/dvi2rgb.xdc] for cell 'U0'
INFO: [Opt 31-138] Pushed 1 inverter(s) to 6 load pin(s).
INFO: [Project 1-111] Unisim Transformation Summary:
  A total of 6 instances were transformed.
  RAM32M => RAM32M (RAMD32, RAMD32, RAMD32, RAMD32, RAMD32, RAMD32, RAMS32, RAMS32): 6 instances

INFO: [Common 17-83] Releasing license: Synthesis
131 Infos, 111 Warnings, 0 Critical Warnings and 0 Errors encountered.
synth_design completed successfully
synth_design: Time (s): cpu = 00:00:25 ; elapsed = 00:00:27 . Memory (MB): peak = 1341.793 ; gain = 429.500 ; free physical = 722 ; free virtual = 3453
INFO: [Coretcl 2-1174] Renamed 39 cell refs.
report_utilization: Time (s): cpu = 00:00:00.07 ; elapsed = 00:00:00.12 . Memory (MB): peak = 1373.809 ; gain = 0.000 ; free physical = 721 ; free virtual = 3451
INFO: [Common 17-206] Exiting Vivado at Fri Oct 26 17:18:29 2018...
